# JRE version: OpenJDK Runtime Environment (8.0_112-b06) (build 1.8.0_112-release-b06)
# Java VM: OpenJDK 64-Bit Server VM (25.112-b06 mixed mode windows-amd64 compressed oops)
Heap:
 PSYoungGen      total 440320K, used 301909K [0x00000000e0000000, 0x0000000100000000, 0x0000000100000000)
  eden space 389120K, 70% used [0x00000000e0000000,0x00000000f0b30e90,0x00000000f7c00000)
  from space 51200K, 55% used [0x00000000f7c00000,0x00000000f97a4958,0x00000000fae00000)
  to   space 50176K, 0% used [0x00000000fcf00000,0x00000000fcf00000,0x0000000100000000)
 ParOldGen       total 295424K, used 90687K [0x00000000a0000000, 0x00000000b2080000, 0x00000000e0000000)
  object space 295424K, 30% used [0x00000000a0000000,0x00000000a588fd70,0x00000000b2080000)
 Metaspace       used 76912K, capacity 83228K, committed 83328K, reserved 1122304K
  class space    used 9914K, capacity 10879K, committed 10880K, reserved 1048576K
GC Heap History (10 events):
Event: 3365.461 GC heap before
{Heap before GC invocations=26 (full 3):
 PSYoungGen      total 296960K, used 294702K [0x00000000e0000000, 0x00000000f4500000, 0x0000000100000000)
  eden space 277504K, 100% used [0x00000000e0000000,0x00000000f0f00000,0x00000000f0f00000)
  from space 19456K, 88% used [0x00000000f3200000,0x00000000f42cbbc8,0x00000000f4500000)
  to   space 27648K, 0% used [0x00000000f0f00000,0x00000000f0f00000,0x00000000f2a00000)
 ParOldGen       total 295424K, used 55846K [0x00000000a0000000, 0x00000000b2080000, 0x00000000e0000000)
  object space 295424K, 18% used [0x00000000a0000000,0x00000000a36899e8,0x00000000b2080000)
 Metaspace       used 75480K, capacity 80302K, committed 80512K, reserved 1120256K
  class space    used 9698K, capacity 10520K, committed 10624K, reserved 1048576K
Event: 3365.488 GC heap after
Heap after GC invocations=26 (full 3):
 PSYoungGen      total 305152K, used 27647K [0x00000000e0000000, 0x00000000f9180000, 0x0000000100000000)
  eden space 277504K, 0% used [0x00000000e0000000,0x00000000e0000000,0x00000000f0f00000)
  from space 27648K, 99% used [0x00000000f0f00000,0x00000000f29ffcb0,0x00000000f2a00000)
  to   space 33792K, 0% used [0x00000000f7080000,0x00000000f7080000,0x00000000f9180000)
 ParOldGen       total 295424K, used 63199K [0x00000000a0000000, 0x00000000b2080000, 0x00000000e0000000)
  object space 295424K, 21% used [0x00000000a0000000,0x00000000a3db7e28,0x00000000b2080000)
 Metaspace       used 75480K, capacity 80302K, committed 80512K, reserved 1120256K
  class space    used 9698K, capacity 10520K, committed 10624K, reserved 1048576K
}
Event: 3365.944 GC heap before
{Heap before GC invocations=27 (full 3):
 PSYoungGen      total 305152K, used 305151K [0x00000000e0000000, 0x00000000f9180000, 0x0000000100000000)
  eden space 277504K, 100% used [0x00000000e0000000,0x00000000f0f00000,0x00000000f0f00000)
  from space 27648K, 99% used [0x00000000f0f00000,0x00000000f29ffcb0,0x00000000f2a00000)
  to   space 33792K, 0% used [0x00000000f7080000,0x00000000f7080000,0x00000000f9180000)
 ParOldGen       total 295424K, used 63199K [0x00000000a0000000, 0x00000000b2080000, 0x00000000e0000000)
  object space 295424K, 21% used [0x00000000a0000000,0x00000000a3db7e28,0x00000000b2080000)
 Metaspace       used 75542K, capacity 80366K, committed 80512K, reserved 1120256K
  class space    used 9700K, capacity 10520K, committed 10624K, reserved 1048576K
Event: 3365.987 GC heap after
Heap after GC invocations=27 (full 3):
 PSYoungGen      total 363520K, used 33786K [0x00000000e0000000, 0x00000000fba00000, 0x0000000100000000)
  eden space 329728K, 0% used [0x00000000e0000000,0x00000000e0000000,0x00000000f4200000)
  from space 33792K, 99% used [0x00000000f7080000,0x00000000f917ea60,0x00000000f9180000)
  to   space 47616K, 0% used [0x00000000f4200000,0x00000000f4200000,0x00000000f7080000)
 ParOldGen       total 295424K, used 88485K [0x00000000a0000000, 0x00000000b2080000, 0x00000000e0000000)
  object space 295424K, 29% used [0x00000000a0000000,0x00000000a5669550,0x00000000b2080000)
 Metaspace       used 75542K, capacity 80366K, committed 80512K, reserved 1120256K
  class space    used 9700K, capacity 10520K, committed 10624K, reserved 1048576K
}
Event: 3387.812 GC heap before
{Heap before GC invocations=28 (full 3):
 PSYoungGen      total 363520K, used 363514K [0x00000000e0000000, 0x00000000fba00000, 0x0000000100000000)
  eden space 329728K, 100% used [0x00000000e0000000,0x00000000f4200000,0x00000000f4200000)
  from space 33792K, 99% used [0x00000000f7080000,0x00000000f917ea60,0x00000000f9180000)
  to   space 47616K, 0% used [0x00000000f4200000,0x00000000f4200000,0x00000000f7080000)
 ParOldGen       total 295424K, used 88485K [0x00000000a0000000, 0x00000000b2080000, 0x00000000e0000000)
  object space 295424K, 29% used [0x00000000a0000000,0x00000000a5669550,0x00000000b2080000)
 Metaspace       used 75804K, capacity 80898K, committed 81024K, reserved 1120256K
  class space    used 9726K, capacity 10553K, committed 10624K, reserved 1048576K
Event: 3387.835 GC heap after
Heap after GC invocations=28 (full 3):
 PSYoungGen      total 377344K, used 25987K [0x00000000e0000000, 0x00000000fdd00000, 0x0000000100000000)
  eden space 329728K, 0% used [0x00000000e0000000,0x00000000e0000000,0x00000000f4200000)
  from space 47616K, 54% used [0x00000000f4200000,0x00000000f5b60f68,0x00000000f7080000)
  to   space 46592K, 0% used [0x00000000faf80000,0x00000000faf80000,0x00000000fdd00000)
 ParOldGen       total 295424K, used 88869K [0x00000000a0000000, 0x00000000b2080000, 0x00000000e0000000)
  object space 295424K, 30% used [0x00000000a0000000,0x00000000a56c9550,0x00000000b2080000)
 Metaspace       used 75804K, capacity 80898K, committed 81024K, reserved 1120256K
  class space    used 9726K, capacity 10553K, committed 10624K, reserved 1048576K
}
Event: 3405.327 GC heap before
{Heap before GC invocations=29 (full 3):
 PSYoungGen      total 377344K, used 355715K [0x00000000e0000000, 0x00000000fdd00000, 0x0000000100000000)
  eden space 329728K, 100% used [0x00000000e0000000,0x00000000f4200000,0x00000000f4200000)
  from space 47616K, 54% used [0x00000000f4200000,0x00000000f5b60f68,0x00000000f7080000)
  to   space 46592K, 0% used [0x00000000faf80000,0x00000000faf80000,0x00000000fdd00000)
 ParOldGen       total 295424K, used 88869K [0x00000000a0000000, 0x00000000b2080000, 0x00000000e0000000)
  object space 295424K, 30% used [0x00000000a0000000,0x00000000a56c9550,0x00000000b2080000)
 Metaspace       used 76602K, capacity 82688K, committed 82816K, reserved 1122304K
  class space    used 9876K, capacity 10823K, committed 10880K, reserved 1048576K
Event: 3405.359 GC heap after
Heap after GC invocations=29 (full 3):
 PSYoungGen      total 435712K, used 40343K [0x00000000e0000000, 0x00000000fe000000, 0x0000000100000000)
  eden space 389120K, 0% used [0x00000000e0000000,0x00000000e0000000,0x00000000f7c00000)
  from space 46592K, 86% used [0x00000000faf80000,0x00000000fd6e5e58,0x00000000fdd00000)
  to   space 51200K, 0% used [0x00000000f7c00000,0x00000000f7c00000,0x00000000fae00000)
 ParOldGen       total 295424K, used 89345K [0x00000000a0000000, 0x00000000b2080000, 0x00000000e0000000)
  object space 295424K, 30% used [0x00000000a0000000,0x00000000a5740560,0x00000000b2080000)
 Metaspace       used 76602K, capacity 82688K, committed 82816K, reserved 1122304K
  class space    used 9876K, capacity 10823K, committed 10880K, reserved 1048576K
}
Event: 4177.906 GC heap before
{Heap before GC invocations=30 (full 3):
 PSYoungGen      total 435712K, used 429463K [0x00000000e0000000, 0x00000000fe000000, 0x0000000100000000)
  eden space 389120K, 100% used [0x00000000e0000000,0x00000000f7c00000,0x00000000f7c00000)
  from space 46592K, 86% used [0x00000000faf80000,0x00000000fd6e5e58,0x00000000fdd00000)
  to   space 51200K, 0% used [0x00000000f7c00000,0x00000000f7c00000,0x00000000fae00000)
 ParOldGen       total 295424K, used 89345K [0x00000000a0000000, 0x00000000b2080000, 0x00000000e0000000)
  object space 295424K, 30% used [0x00000000a0000000,0x00000000a5740560,0x00000000b2080000)
 Metaspace       used 76912K, capacity 83228K, committed 83328K, reserved 1122304K
  class space    used 9914K, capacity 10879K, committed 10880K, reserved 1048576K
Event: 4177.934 GC heap after
Heap after GC invocations=30 (full 3):
 PSYoungGen      total 440320K, used 28306K [0x00000000e0000000, 0x0000000100000000, 0x0000000100000000)
  eden space 389120K, 0% used [0x00000000e0000000,0x00000000e0000000,0x00000000f7c00000)
  from space 51200K, 55% used [0x00000000f7c00000,0x00000000f97a4958,0x00000000fae00000)
  to   space 50176K, 0% used [0x00000000fcf00000,0x00000000fcf00000,0x0000000100000000)
 ParOldGen       total 295424K, used 90687K [0x00000000a0000000, 0x00000000b2080000, 0x00000000e0000000)
  object space 295424K, 30% used [0x00000000a0000000,0x00000000a588fd70,0x00000000b2080000)
 Metaspace       used 76912K, capacity 83228K, committed 83328K, reserved 1122304K
  class space    used 9914K, capacity 10879K, committed 10880K, reserved 1048576K
}

