# JRE version: OpenJDK Runtime Environment (8.0_112-b06) (build 1.8.0_112-release-b06)
# Java VM: OpenJDK 64-Bit Server VM (25.112-b06 mixed mode windows-amd64 compressed oops)
Heap:
 PSYoungGen      total 239616K, used 208251K [0x00000000e0000000, 0x00000000f1800000, 0x0000000100000000)
  eden space 224768K, 86% used [0x00000000e0000000,0x00000000ebce0020,0x00000000edb80000)
  from space 14848K, 99% used [0x00000000eec00000,0x00000000efa7ed90,0x00000000efa80000)
  to   space 16896K, 0% used [0x00000000edb80000,0x00000000edb80000,0x00000000eec00000)
 ParOldGen       total 134144K, used 48368K [0x00000000a0000000, 0x00000000a8300000, 0x00000000e0000000)
  object space 134144K, 36% used [0x00000000a0000000,0x00000000a2f3c100,0x00000000a8300000)
 Metaspace       used 62562K, capacity 66380K, committed 66520K, reserved 1105920K
  class space    used 8379K, capacity 9110K, committed 9176K, reserved 1048576K
GC Heap History (10 events):
Event: 100.820 GC heap before
{Heap before GC invocations=15 (full 2):
 PSYoungGen      total 153088K, used 53361K [0x00000000e0000000, 0x00000000ea400000, 0x0000000100000000)
  eden space 138752K, 34% used [0x00000000e0000000,0x00000000e2e466b0,0x00000000e8780000)
  from space 14336K, 41% used [0x00000000e9580000,0x00000000e9b56090,0x00000000ea380000)
  to   space 14336K, 0% used [0x00000000e8780000,0x00000000e8780000,0x00000000e9580000)
 ParOldGen       total 82432K, used 44979K [0x00000000a0000000, 0x00000000a5080000, 0x00000000e0000000)
  object space 82432K, 54% used [0x00000000a0000000,0x00000000a2bece48,0x00000000a5080000)
 Metaspace       used 56312K, capacity 58842K, committed 58968K, reserved 1099776K
  class space    used 7635K, capacity 8214K, committed 8280K, reserved 1048576K
Event: 100.828 GC heap after
Heap after GC invocations=15 (full 2):
 PSYoungGen      total 153088K, used 4784K [0x00000000e0000000, 0x00000000eeb00000, 0x0000000100000000)
  eden space 138752K, 0% used [0x00000000e0000000,0x00000000e0000000,0x00000000e8780000)
  from space 14336K, 33% used [0x00000000e8780000,0x00000000e8c2c080,0x00000000e9580000)
  to   space 14848K, 0% used [0x00000000edc80000,0x00000000edc80000,0x00000000eeb00000)
 ParOldGen       total 82432K, used 47911K [0x00000000a0000000, 0x00000000a5080000, 0x00000000e0000000)
  object space 82432K, 58% used [0x00000000a0000000,0x00000000a2ec9c18,0x00000000a5080000)
 Metaspace       used 56312K, capacity 58842K, committed 58968K, reserved 1099776K
  class space    used 7635K, capacity 8214K, committed 8280K, reserved 1048576K
}
Event: 100.828 GC heap before
{Heap before GC invocations=16 (full 3):
 PSYoungGen      total 153088K, used 4784K [0x00000000e0000000, 0x00000000eeb00000, 0x0000000100000000)
  eden space 138752K, 0% used [0x00000000e0000000,0x00000000e0000000,0x00000000e8780000)
  from space 14336K, 33% used [0x00000000e8780000,0x00000000e8c2c080,0x00000000e9580000)
  to   space 14848K, 0% used [0x00000000edc80000,0x00000000edc80000,0x00000000eeb00000)
 ParOldGen       total 82432K, used 47911K [0x00000000a0000000, 0x00000000a5080000, 0x00000000e0000000)
  object space 82432K, 58% used [0x00000000a0000000,0x00000000a2ec9c18,0x00000000a5080000)
 Metaspace       used 56312K, capacity 58842K, committed 58968K, reserved 1099776K
  class space    used 7635K, capacity 8214K, committed 8280K, reserved 1048576K
Event: 101.066 GC heap after
Heap after GC invocations=16 (full 3):
 PSYoungGen      total 153088K, used 0K [0x00000000e0000000, 0x00000000eeb00000, 0x0000000100000000)
  eden space 138752K, 0% used [0x00000000e0000000,0x00000000e0000000,0x00000000e8780000)
  from space 14336K, 0% used [0x00000000e8780000,0x00000000e8780000,0x00000000e9580000)
  to   space 14848K, 0% used [0x00000000edc80000,0x00000000edc80000,0x00000000eeb00000)
 ParOldGen       total 134144K, used 44538K [0x00000000a0000000, 0x00000000a8300000, 0x00000000e0000000)
  object space 134144K, 33% used [0x00000000a0000000,0x00000000a2b7eb70,0x00000000a8300000)
 Metaspace       used 56312K, capacity 58842K, committed 58968K, reserved 1099776K
  class space    used 7635K, capacity 8214K, committed 8280K, reserved 1048576K
}
Event: 809.031 GC heap before
{Heap before GC invocations=17 (full 3):
 PSYoungGen      total 153088K, used 138752K [0x00000000e0000000, 0x00000000eeb00000, 0x0000000100000000)
  eden space 138752K, 100% used [0x00000000e0000000,0x00000000e8780000,0x00000000e8780000)
  from space 14336K, 0% used [0x00000000e8780000,0x00000000e8780000,0x00000000e9580000)
  to   space 14848K, 0% used [0x00000000edc80000,0x00000000edc80000,0x00000000eeb00000)
 ParOldGen       total 134144K, used 44538K [0x00000000a0000000, 0x00000000a8300000, 0x00000000e0000000)
  object space 134144K, 33% used [0x00000000a0000000,0x00000000a2b7eb70,0x00000000a8300000)
 Metaspace       used 57298K, capacity 60166K, committed 60376K, reserved 1101824K
  class space    used 7730K, capacity 8342K, committed 8408K, reserved 1048576K
Event: 809.054 GC heap after
Heap after GC invocations=17 (full 3):
 PSYoungGen      total 187392K, used 6789K [0x00000000e0000000, 0x00000000ee380000, 0x0000000100000000)
  eden space 180224K, 0% used [0x00000000e0000000,0x00000000e0000000,0x00000000eb000000)
  from space 7168K, 94% used [0x00000000edc80000,0x00000000ee321648,0x00000000ee380000)
  to   space 14848K, 0% used [0x00000000ec680000,0x00000000ec680000,0x00000000ed500000)
 ParOldGen       total 134144K, used 44546K [0x00000000a0000000, 0x00000000a8300000, 0x00000000e0000000)
  object space 134144K, 33% used [0x00000000a0000000,0x00000000a2b80b70,0x00000000a8300000)
 Metaspace       used 57298K, capacity 60166K, committed 60376K, reserved 1101824K
  class space    used 7730K, capacity 8342K, committed 8408K, reserved 1048576K
}
Event: 841.086 GC heap before
{Heap before GC invocations=18 (full 3):
 PSYoungGen      total 187392K, used 187013K [0x00000000e0000000, 0x00000000ee380000, 0x0000000100000000)
  eden space 180224K, 100% used [0x00000000e0000000,0x00000000eb000000,0x00000000eb000000)
  from space 7168K, 94% used [0x00000000edc80000,0x00000000ee321648,0x00000000ee380000)
  to   space 14848K, 0% used [0x00000000ec680000,0x00000000ec680000,0x00000000ed500000)
 ParOldGen       total 134144K, used 44546K [0x00000000a0000000, 0x00000000a8300000, 0x00000000e0000000)
  object space 134144K, 33% used [0x00000000a0000000,0x00000000a2b80b70,0x00000000a8300000)
 Metaspace       used 59062K, capacity 62146K, committed 62424K, reserved 1103872K
  class space    used 7948K, capacity 8596K, committed 8664K, reserved 1048576K
Event: 841.101 GC heap after
Heap after GC invocations=18 (full 3):
 PSYoungGen      total 218112K, used 4928K [0x00000000e0000000, 0x00000000efa80000, 0x0000000100000000)
  eden space 203264K, 0% used [0x00000000e0000000,0x00000000e0000000,0x00000000ec680000)
  from space 14848K, 33% used [0x00000000ec680000,0x00000000ecb50000,0x00000000ed500000)
  to   space 14848K, 0% used [0x00000000eec00000,0x00000000eec00000,0x00000000efa80000)
 ParOldGen       total 134144K, used 47715K [0x00000000a0000000, 0x00000000a8300000, 0x00000000e0000000)
  object space 134144K, 35% used [0x00000000a0000000,0x00000000a2e98c30,0x00000000a8300000)
 Metaspace       used 59062K, capacity 62146K, committed 62424K, reserved 1103872K
  class space    used 7948K, capacity 8596K, committed 8664K, reserved 1048576K
}
Event: 846.339 GC heap before
{Heap before GC invocations=19 (full 3):
 PSYoungGen      total 218112K, used 208192K [0x00000000e0000000, 0x00000000efa80000, 0x0000000100000000)
  eden space 203264K, 100% used [0x00000000e0000000,0x00000000ec680000,0x00000000ec680000)
  from space 14848K, 33% used [0x00000000ec680000,0x00000000ecb50000,0x00000000ed500000)
  to   space 14848K, 0% used [0x00000000eec00000,0x00000000eec00000,0x00000000efa80000)
 ParOldGen       total 134144K, used 47715K [0x00000000a0000000, 0x00000000a8300000, 0x00000000e0000000)
  object space 134144K, 35% used [0x00000000a0000000,0x00000000a2e98c30,0x00000000a8300000)
 Metaspace       used 60532K, capacity 64038K, committed 64216K, reserved 1103872K
  class space    used 8115K, capacity 8833K, committed 8920K, reserved 1048576K
Event: 846.366 GC heap after
Heap after GC invocations=19 (full 3):
 PSYoungGen      total 239616K, used 14843K [0x00000000e0000000, 0x00000000f1800000, 0x0000000100000000)
  eden space 224768K, 0% used [0x00000000e0000000,0x00000000e0000000,0x00000000edb80000)
  from space 14848K, 99% used [0x00000000eec00000,0x00000000efa7ed90,0x00000000efa80000)
  to   space 16896K, 0% used [0x00000000edb80000,0x00000000edb80000,0x00000000eec00000)
 ParOldGen       total 134144K, used 48368K [0x00000000a0000000, 0x00000000a8300000, 0x00000000e0000000)
  object space 134144K, 36% used [0x00000000a0000000,0x00000000a2f3c100,0x00000000a8300000)
 Metaspace       used 60532K, capacity 64038K, committed 64216K, reserved 1103872K
  class space    used 8115K, capacity 8833K, committed 8920K, reserved 1048576K
}

