# JRE version: OpenJDK Runtime Environment (8.0_112-b06) (build 1.8.0_112-release-b06)
# Java VM: OpenJDK 64-Bit Server VM (25.112-b06 mixed mode windows-amd64 compressed oops)
Heap:
 PSYoungGen      total 180224K, used 34247K [0x00000000e0000000, 0x00000000ee100000, 0x0000000100000000)
  eden space 153600K, 7% used [0x00000000e0000000,0x00000000e0bfd210,0x00000000e9600000)
  from space 26624K, 82% used [0x00000000e9600000,0x00000000eab74ca0,0x00000000eb000000)
  to   space 28672K, 0% used [0x00000000ec500000,0x00000000ec500000,0x00000000ee100000)
 ParOldGen       total 210432K, used 27907K [0x00000000a0000000, 0x00000000acd80000, 0x00000000e0000000)
  object space 210432K, 13% used [0x00000000a0000000,0x00000000a1b40d58,0x00000000acd80000)
 Metaspace       used 56804K, capacity 58906K, committed 59136K, reserved 1099776K
  class space    used 7454K, capacity 7848K, committed 7936K, reserved 1048576K
GC Heap History (10 events):
Event: 6.550 GC heap before
{Heap before GC invocations=9 (full 2):
 PSYoungGen      total 116736K, used 116166K [0x00000000e0000000, 0x00000000e8380000, 0x0000000100000000)
  eden space 107008K, 100% used [0x00000000e0000000,0x00000000e6880000,0x00000000e6880000)
  from space 9728K, 94% used [0x00000000e7a00000,0x00000000e82f18a0,0x00000000e8380000)
  to   space 13824K, 0% used [0x00000000e6880000,0x00000000e6880000,0x00000000e7600000)
 ParOldGen       total 210432K, used 17793K [0x00000000a0000000, 0x00000000acd80000, 0x00000000e0000000)
  object space 210432K, 8% used [0x00000000a0000000,0x00000000a1160650,0x00000000acd80000)
 Metaspace       used 44515K, capacity 45548K, committed 45696K, reserved 1089536K
  class space    used 5942K, capacity 6195K, committed 6272K, reserved 1048576K
Event: 6.563 GC heap after
Heap after GC invocations=9 (full 2):
 PSYoungGen      total 120832K, used 13160K [0x00000000e0000000, 0x00000000ea600000, 0x0000000100000000)
  eden space 107008K, 0% used [0x00000000e0000000,0x00000000e0000000,0x00000000e6880000)
  from space 13824K, 95% used [0x00000000e6880000,0x00000000e755a348,0x00000000e7600000)
  to   space 15360K, 0% used [0x00000000e9700000,0x00000000e9700000,0x00000000ea600000)
 ParOldGen       total 210432K, used 17801K [0x00000000a0000000, 0x00000000acd80000, 0x00000000e0000000)
  object space 210432K, 8% used [0x00000000a0000000,0x00000000a1162650,0x00000000acd80000)
 Metaspace       used 44515K, capacity 45548K, committed 45696K, reserved 1089536K
  class space    used 5942K, capacity 6195K, committed 6272K, reserved 1048576K
}
Event: 7.928 GC heap before
{Heap before GC invocations=10 (full 2):
 PSYoungGen      total 120832K, used 120168K [0x00000000e0000000, 0x00000000ea600000, 0x0000000100000000)
  eden space 107008K, 100% used [0x00000000e0000000,0x00000000e6880000,0x00000000e6880000)
  from space 13824K, 95% used [0x00000000e6880000,0x00000000e755a348,0x00000000e7600000)
  to   space 15360K, 0% used [0x00000000e9700000,0x00000000e9700000,0x00000000ea600000)
 ParOldGen       total 210432K, used 17801K [0x00000000a0000000, 0x00000000acd80000, 0x00000000e0000000)
  object space 210432K, 8% used [0x00000000a0000000,0x00000000a1162650,0x00000000acd80000)
 Metaspace       used 50623K, capacity 52154K, committed 52224K, reserved 1093632K
  class space    used 6827K, capacity 7160K, committed 7168K, reserved 1048576K
Event: 7.943 GC heap after
Heap after GC invocations=10 (full 2):
 PSYoungGen      total 148992K, used 15331K [0x00000000e0000000, 0x00000000eb200000, 0x0000000100000000)
  eden space 133632K, 0% used [0x00000000e0000000,0x00000000e0000000,0x00000000e8280000)
  from space 15360K, 99% used [0x00000000e9700000,0x00000000ea5f8c80,0x00000000ea600000)
  to   space 20992K, 0% used [0x00000000e8280000,0x00000000e8280000,0x00000000e9700000)
 ParOldGen       total 210432K, used 26927K [0x00000000a0000000, 0x00000000acd80000, 0x00000000e0000000)
  object space 210432K, 12% used [0x00000000a0000000,0x00000000a1a4be50,0x00000000acd80000)
 Metaspace       used 50623K, capacity 52154K, committed 52224K, reserved 1093632K
  class space    used 6827K, capacity 7160K, committed 7168K, reserved 1048576K
}
Event: 10.080 GC heap before
{Heap before GC invocations=11 (full 2):
 PSYoungGen      total 148992K, used 148963K [0x00000000e0000000, 0x00000000eb200000, 0x0000000100000000)
  eden space 133632K, 100% used [0x00000000e0000000,0x00000000e8280000,0x00000000e8280000)
  from space 15360K, 99% used [0x00000000e9700000,0x00000000ea5f8c80,0x00000000ea600000)
  to   space 20992K, 0% used [0x00000000e8280000,0x00000000e8280000,0x00000000e9700000)
 ParOldGen       total 210432K, used 26927K [0x00000000a0000000, 0x00000000acd80000, 0x00000000e0000000)
  object space 210432K, 12% used [0x00000000a0000000,0x00000000a1a4be50,0x00000000acd80000)
 Metaspace       used 52638K, capacity 54416K, committed 54656K, reserved 1095680K
  class space    used 7086K, capacity 7451K, committed 7552K, reserved 1048576K
Event: 10.096 GC heap after
Heap after GC invocations=11 (full 2):
 PSYoungGen      total 154624K, used 20320K [0x00000000e0000000, 0x00000000ec800000, 0x0000000100000000)
  eden space 133632K, 0% used [0x00000000e0000000,0x00000000e0000000,0x00000000e8280000)
  from space 20992K, 96% used [0x00000000e8280000,0x00000000e96583e0,0x00000000e9700000)
  to   space 23552K, 0% used [0x00000000eb100000,0x00000000eb100000,0x00000000ec800000)
 ParOldGen       total 210432K, used 26935K [0x00000000a0000000, 0x00000000acd80000, 0x00000000e0000000)
  object space 210432K, 12% used [0x00000000a0000000,0x00000000a1a4de50,0x00000000acd80000)
 Metaspace       used 52638K, capacity 54416K, committed 54656K, reserved 1095680K
  class space    used 7086K, capacity 7451K, committed 7552K, reserved 1048576K
}
Event: 43.914 GC heap before
{Heap before GC invocations=12 (full 2):
 PSYoungGen      total 154624K, used 153952K [0x00000000e0000000, 0x00000000ec800000, 0x0000000100000000)
  eden space 133632K, 100% used [0x00000000e0000000,0x00000000e8280000,0x00000000e8280000)
  from space 20992K, 96% used [0x00000000e8280000,0x00000000e96583e0,0x00000000e9700000)
  to   space 23552K, 0% used [0x00000000eb100000,0x00000000eb100000,0x00000000ec800000)
 ParOldGen       total 210432K, used 26935K [0x00000000a0000000, 0x00000000acd80000, 0x00000000e0000000)
  object space 210432K, 12% used [0x00000000a0000000,0x00000000a1a4de50,0x00000000acd80000)
 Metaspace       used 56138K, capacity 58118K, committed 58368K, reserved 1099776K
  class space    used 7430K, capacity 7810K, committed 7936K, reserved 1048576K
Event: 43.931 GC heap after
Heap after GC invocations=12 (full 2):
 PSYoungGen      total 177152K, used 23536K [0x00000000e0000000, 0x00000000eca00000, 0x0000000100000000)
  eden space 153600K, 0% used [0x00000000e0000000,0x00000000e0000000,0x00000000e9600000)
  from space 23552K, 99% used [0x00000000eb100000,0x00000000ec7fc150,0x00000000ec800000)
  to   space 26624K, 0% used [0x00000000e9600000,0x00000000e9600000,0x00000000eb000000)
 ParOldGen       total 210432K, used 27899K [0x00000000a0000000, 0x00000000acd80000, 0x00000000e0000000)
  object space 210432K, 13% used [0x00000000a0000000,0x00000000a1b3ed58,0x00000000acd80000)
 Metaspace       used 56138K, capacity 58118K, committed 58368K, reserved 1099776K
  class space    used 7430K, capacity 7810K, committed 7936K, reserved 1048576K
}
Event: 52.604 GC heap before
{Heap before GC invocations=13 (full 2):
 PSYoungGen      total 177152K, used 177136K [0x00000000e0000000, 0x00000000eca00000, 0x0000000100000000)
  eden space 153600K, 100% used [0x00000000e0000000,0x00000000e9600000,0x00000000e9600000)
  from space 23552K, 99% used [0x00000000eb100000,0x00000000ec7fc150,0x00000000ec800000)
  to   space 26624K, 0% used [0x00000000e9600000,0x00000000e9600000,0x00000000eb000000)
 ParOldGen       total 210432K, used 27899K [0x00000000a0000000, 0x00000000acd80000, 0x00000000e0000000)
  object space 210432K, 13% used [0x00000000a0000000,0x00000000a1b3ed58,0x00000000acd80000)
 Metaspace       used 56708K, capacity 58818K, committed 59136K, reserved 1099776K
  class space    used 7452K, capacity 7844K, committed 7936K, reserved 1048576K
Event: 52.623 GC heap after
Heap after GC invocations=13 (full 2):
 PSYoungGen      total 180224K, used 21971K [0x00000000e0000000, 0x00000000ee100000, 0x0000000100000000)
  eden space 153600K, 0% used [0x00000000e0000000,0x00000000e0000000,0x00000000e9600000)
  from space 26624K, 82% used [0x00000000e9600000,0x00000000eab74ca0,0x00000000eb000000)
  to   space 28672K, 0% used [0x00000000ec500000,0x00000000ec500000,0x00000000ee100000)
 ParOldGen       total 210432K, used 27907K [0x00000000a0000000, 0x00000000acd80000, 0x00000000e0000000)
  object space 210432K, 13% used [0x00000000a0000000,0x00000000a1b40d58,0x00000000acd80000)
 Metaspace       used 56708K, capacity 58818K, committed 59136K, reserved 1099776K
  class space    used 7452K, capacity 7844K, committed 7936K, reserved 1048576K
}

