# JRE version: OpenJDK Runtime Environment (8.0_112-b06) (build 1.8.0_112-release-b06)
# Java VM: OpenJDK 64-Bit Server VM (25.112-b06 mixed mode windows-amd64 compressed oops)
Heap:
 PSYoungGen      total 194560K, used 114303K [0x00000000e0000000, 0x00000000f1e00000, 0x0000000100000000)
  eden space 169472K, 56% used [0x00000000e0000000,0x00000000e5d59cd8,0x00000000ea580000)
  from space 25088K, 74% used [0x00000000ea580000,0x00000000eb7c6280,0x00000000ebe00000)
  to   space 25600K, 0% used [0x00000000f0500000,0x00000000f0500000,0x00000000f1e00000)
 ParOldGen       total 202240K, used 26224K [0x00000000a0000000, 0x00000000ac580000, 0x00000000e0000000)
  object space 202240K, 12% used [0x00000000a0000000,0x00000000a199c270,0x00000000ac580000)
 Metaspace       used 55549K, capacity 57386K, committed 57728K, reserved 1099776K
  class space    used 7336K, capacity 7728K, committed 7808K, reserved 1048576K
GC Heap History (10 events):
Event: 6.662 GC heap before
{Heap before GC invocations=9 (full 2):
 PSYoungGen      total 123904K, used 122580K [0x00000000e0000000, 0x00000000e8980000, 0x0000000100000000)
  eden space 113152K, 100% used [0x00000000e0000000,0x00000000e6e80000,0x00000000e6e80000)
  from space 10752K, 87% used [0x00000000e7f00000,0x00000000e88351f0,0x00000000e8980000)
  to   space 13824K, 0% used [0x00000000e6e80000,0x00000000e6e80000,0x00000000e7c00000)
 ParOldGen       total 202240K, used 17799K [0x00000000a0000000, 0x00000000ac580000, 0x00000000e0000000)
  object space 202240K, 8% used [0x00000000a0000000,0x00000000a1161ed0,0x00000000ac580000)
 Metaspace       used 44745K, capacity 45876K, committed 45952K, reserved 1089536K
  class space    used 5986K, capacity 6219K, committed 6272K, reserved 1048576K
Event: 6.672 GC heap after
Heap after GC invocations=9 (full 2):
 PSYoungGen      total 126976K, used 13795K [0x00000000e0000000, 0x00000000eb280000, 0x0000000100000000)
  eden space 113152K, 0% used [0x00000000e0000000,0x00000000e0000000,0x00000000e6e80000)
  from space 13824K, 99% used [0x00000000e6e80000,0x00000000e7bf8cd8,0x00000000e7c00000)
  to   space 15872K, 0% used [0x00000000ea300000,0x00000000ea300000,0x00000000eb280000)
 ParOldGen       total 202240K, used 18186K [0x00000000a0000000, 0x00000000ac580000, 0x00000000e0000000)
  object space 202240K, 8% used [0x00000000a0000000,0x00000000a11c2878,0x00000000ac580000)
 Metaspace       used 44745K, capacity 45876K, committed 45952K, reserved 1089536K
  class space    used 5986K, capacity 6219K, committed 6272K, reserved 1048576K
}
Event: 8.762 GC heap before
{Heap before GC invocations=10 (full 2):
 PSYoungGen      total 126976K, used 126947K [0x00000000e0000000, 0x00000000eb280000, 0x0000000100000000)
  eden space 113152K, 100% used [0x00000000e0000000,0x00000000e6e80000,0x00000000e6e80000)
  from space 13824K, 99% used [0x00000000e6e80000,0x00000000e7bf8cd8,0x00000000e7c00000)
  to   space 15872K, 0% used [0x00000000ea300000,0x00000000ea300000,0x00000000eb280000)
 ParOldGen       total 202240K, used 18186K [0x00000000a0000000, 0x00000000ac580000, 0x00000000e0000000)
  object space 202240K, 8% used [0x00000000a0000000,0x00000000a11c2878,0x00000000ac580000)
 Metaspace       used 50537K, capacity 52004K, committed 52224K, reserved 1093632K
  class space    used 6809K, capacity 7129K, committed 7168K, reserved 1048576K
Event: 8.778 GC heap after
Heap after GC invocations=10 (full 2):
 PSYoungGen      total 161792K, used 15859K [0x00000000e0000000, 0x00000000eba80000, 0x0000000100000000)
  eden space 145920K, 0% used [0x00000000e0000000,0x00000000e0000000,0x00000000e8e80000)
  from space 15872K, 99% used [0x00000000ea300000,0x00000000eb27cc90,0x00000000eb280000)
  to   space 20992K, 0% used [0x00000000e8e80000,0x00000000e8e80000,0x00000000ea300000)
 ParOldGen       total 202240K, used 26200K [0x00000000a0000000, 0x00000000ac580000, 0x00000000e0000000)
  object space 202240K, 12% used [0x00000000a0000000,0x00000000a1996270,0x00000000ac580000)
 Metaspace       used 50537K, capacity 52004K, committed 52224K, reserved 1093632K
  class space    used 6809K, capacity 7129K, committed 7168K, reserved 1048576K
}
Event: 12.813 GC heap before
{Heap before GC invocations=11 (full 2):
 PSYoungGen      total 161792K, used 161779K [0x00000000e0000000, 0x00000000eba80000, 0x0000000100000000)
  eden space 145920K, 100% used [0x00000000e0000000,0x00000000e8e80000,0x00000000e8e80000)
  from space 15872K, 99% used [0x00000000ea300000,0x00000000eb27cc90,0x00000000eb280000)
  to   space 20992K, 0% used [0x00000000e8e80000,0x00000000e8e80000,0x00000000ea300000)
 ParOldGen       total 202240K, used 26200K [0x00000000a0000000, 0x00000000ac580000, 0x00000000e0000000)
  object space 202240K, 12% used [0x00000000a0000000,0x00000000a1996270,0x00000000ac580000)
 Metaspace       used 52033K, capacity 53698K, committed 53888K, reserved 1095680K
  class space    used 6968K, capacity 7288K, committed 7296K, reserved 1048576K
Event: 12.831 GC heap after
Heap after GC invocations=11 (full 2):
 PSYoungGen      total 166912K, used 20075K [0x00000000e0000000, 0x00000000ed500000, 0x0000000100000000)
  eden space 145920K, 0% used [0x00000000e0000000,0x00000000e0000000,0x00000000e8e80000)
  from space 20992K, 95% used [0x00000000e8e80000,0x00000000ea21af00,0x00000000ea300000)
  to   space 23552K, 0% used [0x00000000ebe00000,0x00000000ebe00000,0x00000000ed500000)
 ParOldGen       total 202240K, used 26208K [0x00000000a0000000, 0x00000000ac580000, 0x00000000e0000000)
  object space 202240K, 12% used [0x00000000a0000000,0x00000000a1998270,0x00000000ac580000)
 Metaspace       used 52033K, capacity 53698K, committed 53888K, reserved 1095680K
  class space    used 6968K, capacity 7288K, committed 7296K, reserved 1048576K
}
Event: 13.062 GC heap before
{Heap before GC invocations=12 (full 2):
 PSYoungGen      total 166912K, used 165984K [0x00000000e0000000, 0x00000000ed500000, 0x0000000100000000)
  eden space 145920K, 99% used [0x00000000e0000000,0x00000000e8e7d288,0x00000000e8e80000)
  from space 20992K, 95% used [0x00000000e8e80000,0x00000000ea21af00,0x00000000ea300000)
  to   space 23552K, 0% used [0x00000000ebe00000,0x00000000ebe00000,0x00000000ed500000)
 ParOldGen       total 202240K, used 26208K [0x00000000a0000000, 0x00000000ac580000, 0x00000000e0000000)
  object space 202240K, 12% used [0x00000000a0000000,0x00000000a1998270,0x00000000ac580000)
 Metaspace       used 52833K, capacity 54634K, committed 54912K, reserved 1097728K
  class space    used 7079K, capacity 7430K, committed 7552K, reserved 1048576K
Event: 13.077 GC heap after
Heap after GC invocations=12 (full 2):
 PSYoungGen      total 193024K, used 19762K [0x00000000e0000000, 0x00000000eeb00000, 0x0000000100000000)
  eden space 169472K, 0% used [0x00000000e0000000,0x00000000e0000000,0x00000000ea580000)
  from space 23552K, 83% used [0x00000000ebe00000,0x00000000ed14c8a0,0x00000000ed500000)
  to   space 25088K, 0% used [0x00000000ea580000,0x00000000ea580000,0x00000000ebe00000)
 ParOldGen       total 202240K, used 26216K [0x00000000a0000000, 0x00000000ac580000, 0x00000000e0000000)
  object space 202240K, 12% used [0x00000000a0000000,0x00000000a199a270,0x00000000ac580000)
 Metaspace       used 52833K, capacity 54634K, committed 54912K, reserved 1097728K
  class space    used 7079K, capacity 7430K, committed 7552K, reserved 1048576K
}
Event: 13.170 GC heap before
{Heap before GC invocations=13 (full 2):
 PSYoungGen      total 193024K, used 189234K [0x00000000e0000000, 0x00000000eeb00000, 0x0000000100000000)
  eden space 169472K, 100% used [0x00000000e0000000,0x00000000ea580000,0x00000000ea580000)
  from space 23552K, 83% used [0x00000000ebe00000,0x00000000ed14c8a0,0x00000000ed500000)
  to   space 25088K, 0% used [0x00000000ea580000,0x00000000ea580000,0x00000000ebe00000)
 ParOldGen       total 202240K, used 26216K [0x00000000a0000000, 0x00000000ac580000, 0x00000000e0000000)
  object space 202240K, 12% used [0x00000000a0000000,0x00000000a199a270,0x00000000ac580000)
 Metaspace       used 52965K, capacity 54750K, committed 54912K, reserved 1097728K
  class space    used 7097K, capacity 7440K, committed 7552K, reserved 1048576K
Event: 13.185 GC heap after
Heap after GC invocations=13 (full 2):
 PSYoungGen      total 194560K, used 18712K [0x00000000e0000000, 0x00000000f1e00000, 0x0000000100000000)
  eden space 169472K, 0% used [0x00000000e0000000,0x00000000e0000000,0x00000000ea580000)
  from space 25088K, 74% used [0x00000000ea580000,0x00000000eb7c6280,0x00000000ebe00000)
  to   space 25600K, 0% used [0x00000000f0500000,0x00000000f0500000,0x00000000f1e00000)
 ParOldGen       total 202240K, used 26224K [0x00000000a0000000, 0x00000000ac580000, 0x00000000e0000000)
  object space 202240K, 12% used [0x00000000a0000000,0x00000000a199c270,0x00000000ac580000)
 Metaspace       used 52965K, capacity 54750K, committed 54912K, reserved 1097728K
  class space    used 7097K, capacity 7440K, committed 7552K, reserved 1048576K
}

