# JRE version: OpenJDK Runtime Environment (8.0_112-b06) (build 1.8.0_112-release-b06)
# Java VM: OpenJDK 64-Bit Server VM (25.112-b06 mixed mode windows-amd64 compressed oops)
Heap:
 PSYoungGen      total 128512K, used 121631K [0x00000000e0000000, 0x00000000eb400000, 0x0000000100000000)
  eden space 114688K, 94% used [0x00000000e0000000,0x00000000e69499e8,0x00000000e7000000)
  from space 13824K, 99% used [0x00000000e7000000,0x00000000e7d7e5c8,0x00000000e7d80000)
  to   space 15872K, 0% used [0x00000000ea480000,0x00000000ea480000,0x00000000eb400000)
 ParOldGen       total 201216K, used 18155K [0x00000000a0000000, 0x00000000ac480000, 0x00000000e0000000)
  object space 201216K, 9% used [0x00000000a0000000,0x00000000a11bac98,0x00000000ac480000)
 Metaspace       used 50807K, capacity 52302K, committed 52480K, reserved 1095680K
  class space    used 6843K, capacity 7162K, committed 7168K, reserved 1048576K
GC Heap History (10 events):
Event: 3.735 GC heap before
{Heap before GC invocations=5 (full 1):
 PSYoungGen      total 76288K, used 73390K [0x00000000e0000000, 0x00000000e6b80000, 0x0000000100000000)
  eden space 65536K, 100% used [0x00000000e0000000,0x00000000e4000000,0x00000000e4000000)
  from space 10752K, 73% used [0x00000000e4000000,0x00000000e47ab800,0x00000000e4a80000)
  to   space 10752K, 0% used [0x00000000e6100000,0x00000000e6100000,0x00000000e6b80000)
 ParOldGen       total 122880K, used 12425K [0x00000000a0000000, 0x00000000a7800000, 0x00000000e0000000)
  object space 122880K, 10% used [0x00000000a0000000,0x00000000a0c22500,0x00000000a7800000)
 Metaspace       used 29145K, capacity 29526K, committed 29696K, reserved 1075200K
  class space    used 3963K, capacity 4087K, committed 4096K, reserved 1048576K
Event: 3.741 GC heap after
Heap after GC invocations=5 (full 1):
 PSYoungGen      total 96256K, used 6886K [0x00000000e0000000, 0x00000000e6a00000, 0x0000000100000000)
  eden space 87040K, 0% used [0x00000000e0000000,0x00000000e0000000,0x00000000e5500000)
  from space 9216K, 74% used [0x00000000e6100000,0x00000000e67b99e0,0x00000000e6a00000)
  to   space 10752K, 0% used [0x00000000e5500000,0x00000000e5500000,0x00000000e5f80000)
 ParOldGen       total 122880K, used 12505K [0x00000000a0000000, 0x00000000a7800000, 0x00000000e0000000)
  object space 122880K, 10% used [0x00000000a0000000,0x00000000a0c36510,0x00000000a7800000)
 Metaspace       used 29145K, capacity 29526K, committed 29696K, reserved 1075200K
  class space    used 3963K, capacity 4087K, committed 4096K, reserved 1048576K
}
Event: 4.443 GC heap before
{Heap before GC invocations=6 (full 1):
 PSYoungGen      total 96256K, used 73664K [0x00000000e0000000, 0x00000000e6a00000, 0x0000000100000000)
  eden space 87040K, 76% used [0x00000000e0000000,0x00000000e41366c8,0x00000000e5500000)
  from space 9216K, 74% used [0x00000000e6100000,0x00000000e67b99e0,0x00000000e6a00000)
  to   space 10752K, 0% used [0x00000000e5500000,0x00000000e5500000,0x00000000e5f80000)
 ParOldGen       total 122880K, used 12505K [0x00000000a0000000, 0x00000000a7800000, 0x00000000e0000000)
  object space 122880K, 10% used [0x00000000a0000000,0x00000000a0c36510,0x00000000a7800000)
 Metaspace       used 34748K, capacity 35280K, committed 35496K, reserved 1079296K
  class space    used 4649K, capacity 4816K, committed 4864K, reserved 1048576K
Event: 4.452 GC heap after
Heap after GC invocations=6 (full 1):
 PSYoungGen      total 97792K, used 10734K [0x00000000e0000000, 0x00000000e9000000, 0x0000000100000000)
  eden space 87040K, 0% used [0x00000000e0000000,0x00000000e0000000,0x00000000e5500000)
  from space 10752K, 99% used [0x00000000e5500000,0x00000000e5f7b9e0,0x00000000e5f80000)
  to   space 14848K, 0% used [0x00000000e8180000,0x00000000e8180000,0x00000000e9000000)
 ParOldGen       total 122880K, used 13366K [0x00000000a0000000, 0x00000000a7800000, 0x00000000e0000000)
  object space 122880K, 10% used [0x00000000a0000000,0x00000000a0d0da68,0x00000000a7800000)
 Metaspace       used 34748K, capacity 35280K, committed 35496K, reserved 1079296K
  class space    used 4649K, capacity 4816K, committed 4864K, reserved 1048576K
}
Event: 4.452 GC heap before
{Heap before GC invocations=7 (full 2):
 PSYoungGen      total 97792K, used 10734K [0x00000000e0000000, 0x00000000e9000000, 0x0000000100000000)
  eden space 87040K, 0% used [0x00000000e0000000,0x00000000e0000000,0x00000000e5500000)
  from space 10752K, 99% used [0x00000000e5500000,0x00000000e5f7b9e0,0x00000000e5f80000)
  to   space 14848K, 0% used [0x00000000e8180000,0x00000000e8180000,0x00000000e9000000)
 ParOldGen       total 122880K, used 13366K [0x00000000a0000000, 0x00000000a7800000, 0x00000000e0000000)
  object space 122880K, 10% used [0x00000000a0000000,0x00000000a0d0da68,0x00000000a7800000)
 Metaspace       used 34748K, capacity 35280K, committed 35496K, reserved 1079296K
  class space    used 4649K, capacity 4816K, committed 4864K, reserved 1048576K
Event: 4.512 GC heap after
Heap after GC invocations=7 (full 2):
 PSYoungGen      total 97792K, used 0K [0x00000000e0000000, 0x00000000e9000000, 0x0000000100000000)
  eden space 87040K, 0% used [0x00000000e0000000,0x00000000e0000000,0x00000000e5500000)
  from space 10752K, 0% used [0x00000000e5500000,0x00000000e5500000,0x00000000e5f80000)
  to   space 14848K, 0% used [0x00000000e8180000,0x00000000e8180000,0x00000000e9000000)
 ParOldGen       total 201216K, used 17786K [0x00000000a0000000, 0x00000000ac480000, 0x00000000e0000000)
  object space 201216K, 8% used [0x00000000a0000000,0x00000000a115e950,0x00000000ac480000)
 Metaspace       used 34748K, capacity 35280K, committed 35496K, reserved 1079296K
  class space    used 4649K, capacity 4816K, committed 4864K, reserved 1048576K
}
Event: 5.320 GC heap before
{Heap before GC invocations=8 (full 2):
 PSYoungGen      total 97792K, used 87040K [0x00000000e0000000, 0x00000000e9000000, 0x0000000100000000)
  eden space 87040K, 100% used [0x00000000e0000000,0x00000000e5500000,0x00000000e5500000)
  from space 10752K, 0% used [0x00000000e5500000,0x00000000e5500000,0x00000000e5f80000)
  to   space 14848K, 0% used [0x00000000e8180000,0x00000000e8180000,0x00000000e9000000)
 ParOldGen       total 201216K, used 17786K [0x00000000a0000000, 0x00000000ac480000, 0x00000000e0000000)
  object space 201216K, 8% used [0x00000000a0000000,0x00000000a115e950,0x00000000ac480000)
 Metaspace       used 41803K, capacity 42610K, committed 43008K, reserved 1087488K
  class space    used 5605K, capacity 5812K, committed 5888K, reserved 1048576K
Event: 5.326 GC heap after
Heap after GC invocations=8 (full 2):
 PSYoungGen      total 123392K, used 9573K [0x00000000e0000000, 0x00000000e8b00000, 0x0000000100000000)
  eden space 113664K, 0% used [0x00000000e0000000,0x00000000e0000000,0x00000000e6f00000)
  from space 9728K, 98% used [0x00000000e8180000,0x00000000e8ad94b0,0x00000000e8b00000)
  to   space 13824K, 0% used [0x00000000e7000000,0x00000000e7000000,0x00000000e7d80000)
 ParOldGen       total 201216K, used 17794K [0x00000000a0000000, 0x00000000ac480000, 0x00000000e0000000)
  object space 201216K, 8% used [0x00000000a0000000,0x00000000a1160950,0x00000000ac480000)
 Metaspace       used 41803K, capacity 42610K, committed 43008K, reserved 1087488K
  class space    used 5605K, capacity 5812K, committed 5888K, reserved 1048576K
}
Event: 6.135 GC heap before
{Heap before GC invocations=9 (full 2):
 PSYoungGen      total 123392K, used 123237K [0x00000000e0000000, 0x00000000e8b00000, 0x0000000100000000)
  eden space 113664K, 100% used [0x00000000e0000000,0x00000000e6f00000,0x00000000e6f00000)
  from space 9728K, 98% used [0x00000000e8180000,0x00000000e8ad94b0,0x00000000e8b00000)
  to   space 13824K, 0% used [0x00000000e7000000,0x00000000e7000000,0x00000000e7d80000)
 ParOldGen       total 201216K, used 17794K [0x00000000a0000000, 0x00000000ac480000, 0x00000000e0000000)
  object space 201216K, 8% used [0x00000000a0000000,0x00000000a1160950,0x00000000ac480000)
 Metaspace       used 44933K, capacity 46104K, committed 46336K, reserved 1089536K
  class space    used 6021K, capacity 6319K, committed 6400K, reserved 1048576K
Event: 6.148 GC heap after
Heap after GC invocations=9 (full 2):
 PSYoungGen      total 128512K, used 13817K [0x00000000e0000000, 0x00000000eb400000, 0x0000000100000000)
  eden space 114688K, 0% used [0x00000000e0000000,0x00000000e0000000,0x00000000e7000000)
  from space 13824K, 99% used [0x00000000e7000000,0x00000000e7d7e5c8,0x00000000e7d80000)
  to   space 15872K, 0% used [0x00000000ea480000,0x00000000ea480000,0x00000000eb400000)
 ParOldGen       total 201216K, used 18155K [0x00000000a0000000, 0x00000000ac480000, 0x00000000e0000000)
  object space 201216K, 9% used [0x00000000a0000000,0x00000000a11bac98,0x00000000ac480000)
 Metaspace       used 44933K, capacity 46104K, committed 46336K, reserved 1089536K
  class space    used 6021K, capacity 6319K, committed 6400K, reserved 1048576K
}

