# JRE version: OpenJDK Runtime Environment (8.0_112-b06) (build 1.8.0_112-release-b06)
# Java VM: OpenJDK 64-Bit Server VM (25.112-b06 mixed mode windows-amd64 compressed oops)
Heap:
 PSYoungGen      total 244224K, used 115886K [0x00000000e0000000, 0x00000000f0c00000, 0x0000000100000000)
  eden space 218624K, 48% used [0x00000000e0000000,0x00000000e67878e0,0x00000000ed580000)
  from space 25600K, 38% used [0x00000000eee80000,0x00000000ef824030,0x00000000f0780000)
  to   space 25600K, 0% used [0x00000000ed580000,0x00000000ed580000,0x00000000eee80000)
 ParOldGen       total 266752K, used 42245K [0x00000000a0000000, 0x00000000b0480000, 0x00000000e0000000)
  object space 266752K, 15% used [0x00000000a0000000,0x00000000a29414e0,0x00000000b0480000)
 Metaspace       used 61826K, capacity 64878K, committed 65024K, reserved 1105920K
  class space    used 8268K, capacity 8915K, committed 8960K, reserved 1048576K
GC Heap History (10 events):
Event: 10.594 GC heap before
{Heap before GC invocations=9 (full 2):
 PSYoungGen      total 139776K, used 139756K [0x00000000e0000000, 0x00000000ec100000, 0x0000000100000000)
  eden space 126976K, 100% used [0x00000000e0000000,0x00000000e7c00000,0x00000000e7c00000)
  from space 12800K, 99% used [0x00000000e8980000,0x00000000e95fb388,0x00000000e9600000)
  to   space 13824K, 0% used [0x00000000e7c00000,0x00000000e7c00000,0x00000000e8980000)
 ParOldGen       total 183296K, used 16038K [0x00000000a0000000, 0x00000000ab300000, 0x00000000e0000000)
  object space 183296K, 8% used [0x00000000a0000000,0x00000000a0fa9aa8,0x00000000ab300000)
 Metaspace       used 47746K, capacity 48766K, committed 48896K, reserved 1091584K
  class space    used 6301K, capacity 6569K, committed 6656K, reserved 1048576K
Event: 10.604 GC heap after
Heap after GC invocations=9 (full 2):
 PSYoungGen      total 140800K, used 13809K [0x00000000e0000000, 0x00000000ece80000, 0x0000000100000000)
  eden space 126976K, 0% used [0x00000000e0000000,0x00000000e0000000,0x00000000e7c00000)
  from space 13824K, 99% used [0x00000000e7c00000,0x00000000e897c6b0,0x00000000e8980000)
  to   space 15872K, 0% used [0x00000000ebf00000,0x00000000ebf00000,0x00000000ece80000)
 ParOldGen       total 183296K, used 17055K [0x00000000a0000000, 0x00000000ab300000, 0x00000000e0000000)
  object space 183296K, 9% used [0x00000000a0000000,0x00000000a10a7de0,0x00000000ab300000)
 Metaspace       used 47746K, capacity 48766K, committed 48896K, reserved 1091584K
  class space    used 6301K, capacity 6569K, committed 6656K, reserved 1048576K
}
Event: 11.897 GC heap before
{Heap before GC invocations=10 (full 2):
 PSYoungGen      total 140800K, used 140785K [0x00000000e0000000, 0x00000000ece80000, 0x0000000100000000)
  eden space 126976K, 100% used [0x00000000e0000000,0x00000000e7c00000,0x00000000e7c00000)
  from space 13824K, 99% used [0x00000000e7c00000,0x00000000e897c6b0,0x00000000e8980000)
  to   space 15872K, 0% used [0x00000000ebf00000,0x00000000ebf00000,0x00000000ece80000)
 ParOldGen       total 183296K, used 17055K [0x00000000a0000000, 0x00000000ab300000, 0x00000000e0000000)
  object space 183296K, 9% used [0x00000000a0000000,0x00000000a10a7de0,0x00000000ab300000)
 Metaspace       used 52736K, capacity 54362K, committed 54656K, reserved 1095680K
  class space    used 7105K, capacity 7485K, committed 7552K, reserved 1048576K
Event: 11.917 GC heap after
Heap after GC invocations=10 (full 2):
 PSYoungGen      total 191488K, used 15872K [0x00000000e0000000, 0x00000000edd80000, 0x0000000100000000)
  eden space 175616K, 0% used [0x00000000e0000000,0x00000000e0000000,0x00000000eab80000)
  from space 15872K, 100% used [0x00000000ebf00000,0x00000000ece80000,0x00000000ece80000)
  to   space 19968K, 0% used [0x00000000eab80000,0x00000000eab80000,0x00000000ebf00000)
 ParOldGen       total 183296K, used 23701K [0x00000000a0000000, 0x00000000ab300000, 0x00000000e0000000)
  object space 183296K, 12% used [0x00000000a0000000,0x00000000a1725470,0x00000000ab300000)
 Metaspace       used 52736K, capacity 54362K, committed 54656K, reserved 1095680K
  class space    used 7105K, capacity 7485K, committed 7552K, reserved 1048576K
}
Event: 112.012 GC heap before
{Heap before GC invocations=11 (full 2):
 PSYoungGen      total 191488K, used 118613K [0x00000000e0000000, 0x00000000edd80000, 0x0000000100000000)
  eden space 175616K, 58% used [0x00000000e0000000,0x00000000e6455728,0x00000000eab80000)
  from space 15872K, 100% used [0x00000000ebf00000,0x00000000ece80000,0x00000000ece80000)
  to   space 19968K, 0% used [0x00000000eab80000,0x00000000eab80000,0x00000000ebf00000)
 ParOldGen       total 183296K, used 23701K [0x00000000a0000000, 0x00000000ab300000, 0x00000000e0000000)
  object space 183296K, 12% used [0x00000000a0000000,0x00000000a1725470,0x00000000ab300000)
 Metaspace       used 56846K, capacity 59102K, committed 59136K, reserved 1099776K
  class space    used 7663K, capacity 8179K, committed 8192K, reserved 1048576K
Event: 112.084 GC heap after
Heap after GC invocations=11 (full 2):
 PSYoungGen      total 195584K, used 19936K [0x00000000e0000000, 0x00000000f0780000, 0x0000000100000000)
  eden space 175616K, 0% used [0x00000000e0000000,0x00000000e0000000,0x00000000eab80000)
  from space 19968K, 99% used [0x00000000eab80000,0x00000000ebef81f8,0x00000000ebf00000)
  to   space 25600K, 0% used [0x00000000eee80000,0x00000000eee80000,0x00000000f0780000)
 ParOldGen       total 183296K, used 32121K [0x00000000a0000000, 0x00000000ab300000, 0x00000000e0000000)
  object space 183296K, 17% used [0x00000000a0000000,0x00000000a1f5e570,0x00000000ab300000)
 Metaspace       used 56846K, capacity 59102K, committed 59136K, reserved 1099776K
  class space    used 7663K, capacity 8179K, committed 8192K, reserved 1048576K
}
Event: 112.084 GC heap before
{Heap before GC invocations=12 (full 3):
 PSYoungGen      total 195584K, used 19936K [0x00000000e0000000, 0x00000000f0780000, 0x0000000100000000)
  eden space 175616K, 0% used [0x00000000e0000000,0x00000000e0000000,0x00000000eab80000)
  from space 19968K, 99% used [0x00000000eab80000,0x00000000ebef81f8,0x00000000ebf00000)
  to   space 25600K, 0% used [0x00000000eee80000,0x00000000eee80000,0x00000000f0780000)
 ParOldGen       total 183296K, used 32121K [0x00000000a0000000, 0x00000000ab300000, 0x00000000e0000000)
  object space 183296K, 17% used [0x00000000a0000000,0x00000000a1f5e570,0x00000000ab300000)
 Metaspace       used 56846K, capacity 59102K, committed 59136K, reserved 1099776K
  class space    used 7663K, capacity 8179K, committed 8192K, reserved 1048576K
Event: 112.443 GC heap after
Heap after GC invocations=12 (full 3):
 PSYoungGen      total 195584K, used 0K [0x00000000e0000000, 0x00000000f0780000, 0x0000000100000000)
  eden space 175616K, 0% used [0x00000000e0000000,0x00000000e0000000,0x00000000eab80000)
  from space 19968K, 0% used [0x00000000eab80000,0x00000000eab80000,0x00000000ebf00000)
  to   space 25600K, 0% used [0x00000000eee80000,0x00000000eee80000,0x00000000f0780000)
 ParOldGen       total 266752K, used 42237K [0x00000000a0000000, 0x00000000b0480000, 0x00000000e0000000)
  object space 266752K, 15% used [0x00000000a0000000,0x00000000a293f4e0,0x00000000b0480000)
 Metaspace       used 56846K, capacity 59102K, committed 59136K, reserved 1099776K
  class space    used 7663K, capacity 8179K, committed 8192K, reserved 1048576K
}
Event: 116.933 GC heap before
{Heap before GC invocations=13 (full 3):
 PSYoungGen      total 195584K, used 175616K [0x00000000e0000000, 0x00000000f0780000, 0x0000000100000000)
  eden space 175616K, 100% used [0x00000000e0000000,0x00000000eab80000,0x00000000eab80000)
  from space 19968K, 0% used [0x00000000eab80000,0x00000000eab80000,0x00000000ebf00000)
  to   space 25600K, 0% used [0x00000000eee80000,0x00000000eee80000,0x00000000f0780000)
 ParOldGen       total 266752K, used 42237K [0x00000000a0000000, 0x00000000b0480000, 0x00000000e0000000)
  object space 266752K, 15% used [0x00000000a0000000,0x00000000a293f4e0,0x00000000b0480000)
 Metaspace       used 58827K, capacity 61522K, committed 61696K, reserved 1101824K
  class space    used 7897K, capacity 8447K, committed 8448K, reserved 1048576K
Event: 116.960 GC heap after
Heap after GC invocations=13 (full 3):
 PSYoungGen      total 244224K, used 9872K [0x00000000e0000000, 0x00000000f0c00000, 0x0000000100000000)
  eden space 218624K, 0% used [0x00000000e0000000,0x00000000e0000000,0x00000000ed580000)
  from space 25600K, 38% used [0x00000000eee80000,0x00000000ef824030,0x00000000f0780000)
  to   space 25600K, 0% used [0x00000000ed580000,0x00000000ed580000,0x00000000eee80000)
 ParOldGen       total 266752K, used 42245K [0x00000000a0000000, 0x00000000b0480000, 0x00000000e0000000)
  object space 266752K, 15% used [0x00000000a0000000,0x00000000a29414e0,0x00000000b0480000)
 Metaspace       used 58827K, capacity 61522K, committed 61696K, reserved 1101824K
  class space    used 7897K, capacity 8447K, committed 8448K, reserved 1048576K
}

