# JRE version: OpenJDK Runtime Environment (8.0_112-b06) (build 1.8.0_112-release-b06)
# Java VM: OpenJDK 64-Bit Server VM (25.112-b06 mixed mode windows-amd64 compressed oops)
Heap:
 PSYoungGen      total 464384K, used 251370K [0x00000000e0000000, 0x0000000100000000, 0x0000000100000000)
  eden space 406016K, 59% used [0x00000000e0000000,0x00000000eeb6b8f8,0x00000000f8c80000)
  from space 58368K, 17% used [0x00000000f8c80000,0x00000000f968ef80,0x00000000fc580000)
  to   space 57344K, 0% used [0x00000000fc800000,0x00000000fc800000,0x0000000100000000)
 ParOldGen       total 299008K, used 111833K [0x00000000a0000000, 0x00000000b2400000, 0x00000000e0000000)
  object space 299008K, 37% used [0x00000000a0000000,0x00000000a6d36730,0x00000000b2400000)
 Metaspace       used 71325K, capacity 74634K, committed 74752K, reserved 1114112K
  class space    used 8872K, capacity 9462K, committed 9472K, reserved 1048576K
GC Heap History (10 events):
Event: 22.077 GC heap before
{Heap before GC invocations=20 (full 3):
 PSYoungGen      total 334848K, used 334817K [0x00000000e0000000, 0x00000000fa400000, 0x0000000100000000)
  eden space 287744K, 99% used [0x00000000e0000000,0x00000000f18f92e0,0x00000000f1900000)
  from space 47104K, 99% used [0x00000000f5300000,0x00000000f80ff420,0x00000000f8100000)
  to   space 59392K, 0% used [0x00000000f1900000,0x00000000f1900000,0x00000000f5300000)
 ParOldGen       total 299008K, used 76243K [0x00000000a0000000, 0x00000000b2400000, 0x00000000e0000000)
  object space 299008K, 25% used [0x00000000a0000000,0x00000000a4a74c50,0x00000000b2400000)
 Metaspace       used 65693K, capacity 67826K, committed 68096K, reserved 1107968K
  class space    used 8444K, capacity 8900K, committed 8960K, reserved 1048576K
Event: 22.106 GC heap after
Heap after GC invocations=20 (full 3):
 PSYoungGen      total 347136K, used 40447K [0x00000000e0000000, 0x00000000fdd00000, 0x0000000100000000)
  eden space 287744K, 0% used [0x00000000e0000000,0x00000000e0000000,0x00000000f1900000)
  from space 59392K, 68% used [0x00000000f1900000,0x00000000f407fce0,0x00000000f5300000)
  to   space 62464K, 0% used [0x00000000fa000000,0x00000000fa000000,0x00000000fdd00000)
 ParOldGen       total 299008K, used 76955K [0x00000000a0000000, 0x00000000b2400000, 0x00000000e0000000)
  object space 299008K, 25% used [0x00000000a0000000,0x00000000a4b26c50,0x00000000b2400000)
 Metaspace       used 65693K, capacity 67826K, committed 68096K, reserved 1107968K
  class space    used 8444K, capacity 8900K, committed 8960K, reserved 1048576K
}
Event: 89.390 GC heap before
{Heap before GC invocations=21 (full 3):
 PSYoungGen      total 347136K, used 328191K [0x00000000e0000000, 0x00000000fdd00000, 0x0000000100000000)
  eden space 287744K, 100% used [0x00000000e0000000,0x00000000f1900000,0x00000000f1900000)
  from space 59392K, 68% used [0x00000000f1900000,0x00000000f407fce0,0x00000000f5300000)
  to   space 62464K, 0% used [0x00000000fa000000,0x00000000fa000000,0x00000000fdd00000)
 ParOldGen       total 299008K, used 76955K [0x00000000a0000000, 0x00000000b2400000, 0x00000000e0000000)
  object space 299008K, 25% used [0x00000000a0000000,0x00000000a4b26c50,0x00000000b2400000)
 Metaspace       used 68223K, capacity 70474K, committed 70528K, reserved 1110016K
  class space    used 8626K, capacity 9082K, committed 9088K, reserved 1048576K
Event: 89.418 GC heap after
Heap after GC invocations=21 (full 3):
 PSYoungGen      total 406528K, used 29243K [0x00000000e0000000, 0x00000000fd180000, 0x0000000100000000)
  eden space 355840K, 0% used [0x00000000e0000000,0x00000000e0000000,0x00000000f5b80000)
  from space 50688K, 57% used [0x00000000fa000000,0x00000000fbc8ecc0,0x00000000fd180000)
  to   space 60416K, 0% used [0x00000000f5b80000,0x00000000f5b80000,0x00000000f9680000)
 ParOldGen       total 299008K, used 84913K [0x00000000a0000000, 0x00000000b2400000, 0x00000000e0000000)
  object space 299008K, 28% used [0x00000000a0000000,0x00000000a52ec5c8,0x00000000b2400000)
 Metaspace       used 68223K, capacity 70474K, committed 70528K, reserved 1110016K
  class space    used 8626K, capacity 9082K, committed 9088K, reserved 1048576K
}
Event: 136.479 GC heap before
{Heap before GC invocations=22 (full 3):
 PSYoungGen      total 406528K, used 385083K [0x00000000e0000000, 0x00000000fd180000, 0x0000000100000000)
  eden space 355840K, 100% used [0x00000000e0000000,0x00000000f5b80000,0x00000000f5b80000)
  from space 50688K, 57% used [0x00000000fa000000,0x00000000fbc8ecc0,0x00000000fd180000)
  to   space 60416K, 0% used [0x00000000f5b80000,0x00000000f5b80000,0x00000000f9680000)
 ParOldGen       total 299008K, used 84913K [0x00000000a0000000, 0x00000000b2400000, 0x00000000e0000000)
  object space 299008K, 28% used [0x00000000a0000000,0x00000000a52ec5c8,0x00000000b2400000)
 Metaspace       used 69757K, capacity 72720K, committed 72832K, reserved 1112064K
  class space    used 8736K, capacity 9267K, committed 9344K, reserved 1048576K
Event: 136.501 GC heap after
Heap after GC invocations=22 (full 3):
 PSYoungGen      total 416256K, used 18811K [0x00000000e0000000, 0x0000000100000000, 0x0000000100000000)
  eden space 355840K, 0% used [0x00000000e0000000,0x00000000e0000000,0x00000000f5b80000)
  from space 60416K, 31% used [0x00000000f5b80000,0x00000000f6ddee48,0x00000000f9680000)
  to   space 57856K, 0% used [0x00000000fc780000,0x00000000fc780000,0x0000000100000000)
 ParOldGen       total 299008K, used 101829K [0x00000000a0000000, 0x00000000b2400000, 0x00000000e0000000)
  object space 299008K, 34% used [0x00000000a0000000,0x00000000a6371520,0x00000000b2400000)
 Metaspace       used 69757K, capacity 72720K, committed 72832K, reserved 1112064K
  class space    used 8736K, capacity 9267K, committed 9344K, reserved 1048576K
}
Event: 141.494 GC heap before
{Heap before GC invocations=23 (full 3):
 PSYoungGen      total 416256K, used 374651K [0x00000000e0000000, 0x0000000100000000, 0x0000000100000000)
  eden space 355840K, 100% used [0x00000000e0000000,0x00000000f5b80000,0x00000000f5b80000)
  from space 60416K, 31% used [0x00000000f5b80000,0x00000000f6ddee48,0x00000000f9680000)
  to   space 57856K, 0% used [0x00000000fc780000,0x00000000fc780000,0x0000000100000000)
 ParOldGen       total 299008K, used 101829K [0x00000000a0000000, 0x00000000b2400000, 0x00000000e0000000)
  object space 299008K, 34% used [0x00000000a0000000,0x00000000a6371520,0x00000000b2400000)
 Metaspace       used 70334K, capacity 73304K, committed 73600K, reserved 1114112K
  class space    used 8794K, capacity 9305K, committed 9344K, reserved 1048576K
Event: 141.522 GC heap after
Heap after GC invocations=23 (full 3):
 PSYoungGen      total 462336K, used 33904K [0x00000000e0000000, 0x00000000ffe80000, 0x0000000100000000)
  eden space 406016K, 0% used [0x00000000e0000000,0x00000000e0000000,0x00000000f8c80000)
  from space 56320K, 60% used [0x00000000fc780000,0x00000000fe89c160,0x00000000ffe80000)
  to   space 58368K, 0% used [0x00000000f8c80000,0x00000000f8c80000,0x00000000fc580000)
 ParOldGen       total 299008K, used 111825K [0x00000000a0000000, 0x00000000b2400000, 0x00000000e0000000)
  object space 299008K, 37% used [0x00000000a0000000,0x00000000a6d34730,0x00000000b2400000)
 Metaspace       used 70334K, capacity 73304K, committed 73600K, reserved 1114112K
  class space    used 8794K, capacity 9305K, committed 9344K, reserved 1048576K
}
Event: 152.301 GC heap before
{Heap before GC invocations=24 (full 3):
 PSYoungGen      total 462336K, used 439547K [0x00000000e0000000, 0x00000000ffe80000, 0x0000000100000000)
  eden space 406016K, 99% used [0x00000000e0000000,0x00000000f8c22b90,0x00000000f8c80000)
  from space 56320K, 60% used [0x00000000fc780000,0x00000000fe89c160,0x00000000ffe80000)
  to   space 58368K, 0% used [0x00000000f8c80000,0x00000000f8c80000,0x00000000fc580000)
 ParOldGen       total 299008K, used 111825K [0x00000000a0000000, 0x00000000b2400000, 0x00000000e0000000)
  object space 299008K, 37% used [0x00000000a0000000,0x00000000a6d34730,0x00000000b2400000)
 Metaspace       used 71144K, capacity 74356K, committed 74496K, reserved 1114112K
  class space    used 8848K, capacity 9415K, committed 9472K, reserved 1048576K
Event: 152.311 GC heap after
Heap after GC invocations=24 (full 3):
 PSYoungGen      total 464384K, used 10299K [0x00000000e0000000, 0x0000000100000000, 0x0000000100000000)
  eden space 406016K, 0% used [0x00000000e0000000,0x00000000e0000000,0x00000000f8c80000)
  from space 58368K, 17% used [0x00000000f8c80000,0x00000000f968ef80,0x00000000fc580000)
  to   space 57344K, 0% used [0x00000000fc800000,0x00000000fc800000,0x0000000100000000)
 ParOldGen       total 299008K, used 111833K [0x00000000a0000000, 0x00000000b2400000, 0x00000000e0000000)
  object space 299008K, 37% used [0x00000000a0000000,0x00000000a6d36730,0x00000000b2400000)
 Metaspace       used 71144K, capacity 74356K, committed 74496K, reserved 1114112K
  class space    used 8848K, capacity 9415K, committed 9472K, reserved 1048576K
}

