# JRE version: OpenJDK Runtime Environment (8.0_112-b06) (build 1.8.0_112-release-b06)
# Java VM: OpenJDK 64-Bit Server VM (25.112-b06 mixed mode windows-amd64 compressed oops)
Heap:
 PSYoungGen      total 76288K, used 40942K [0x00000000e0000000, 0x00000000e6a00000, 0x0000000100000000)
  eden space 65536K, 50% used [0x00000000e0000000,0x00000000e203c0f8,0x00000000e4000000)
  from space 10752K, 73% used [0x00000000e4000000,0x00000000e47bf838,0x00000000e4a80000)
  to   space 10752K, 0% used [0x00000000e5f80000,0x00000000e5f80000,0x00000000e6a00000)
 ParOldGen       total 124928K, used 12416K [0x00000000a0000000, 0x00000000a7a00000, 0x00000000e0000000)
  object space 124928K, 9% used [0x00000000a0000000,0x00000000a0c20360,0x00000000a7a00000)
 Metaspace       used 28432K, capacity 28832K, committed 29184K, reserved 1075200K
  class space    used 3868K, capacity 3985K, committed 4096K, reserved 1048576K
GC Heap History (8 events):
Event: 1.112 GC heap before
{Heap before GC invocations=1 (full 0):
 PSYoungGen      total 76288K, used 65536K [0x00000000e0000000, 0x00000000e5500000, 0x0000000100000000)
  eden space 65536K, 100% used [0x00000000e0000000,0x00000000e4000000,0x00000000e4000000)
  from space 10752K, 0% used [0x00000000e4a80000,0x00000000e4a80000,0x00000000e5500000)
  to   space 10752K, 0% used [0x00000000e4000000,0x00000000e4000000,0x00000000e4a80000)
 ParOldGen       total 175104K, used 0K [0x00000000a0000000, 0x00000000aab00000, 0x00000000e0000000)
  object space 175104K, 0% used [0x00000000a0000000,0x00000000a0000000,0x00000000aab00000)
 Metaspace       used 12813K, capacity 13160K, committed 13440K, reserved 1060864K
  class space    used 1687K, capacity 1805K, committed 1920K, reserved 1048576K
Event: 1.119 GC heap after
Heap after GC invocations=1 (full 0):
 PSYoungGen      total 76288K, used 8133K [0x00000000e0000000, 0x00000000e5500000, 0x0000000100000000)
  eden space 65536K, 0% used [0x00000000e0000000,0x00000000e0000000,0x00000000e4000000)
  from space 10752K, 75% used [0x00000000e4000000,0x00000000e47f17f0,0x00000000e4a80000)
  to   space 10752K, 0% used [0x00000000e4a80000,0x00000000e4a80000,0x00000000e5500000)
 ParOldGen       total 175104K, used 16K [0x00000000a0000000, 0x00000000aab00000, 0x00000000e0000000)
  object space 175104K, 0% used [0x00000000a0000000,0x00000000a0004000,0x00000000aab00000)
 Metaspace       used 12813K, capacity 13160K, committed 13440K, reserved 1060864K
  class space    used 1687K, capacity 1805K, committed 1920K, reserved 1048576K
}
Event: 1.865 GC heap before
{Heap before GC invocations=2 (full 0):
 PSYoungGen      total 76288K, used 65485K [0x00000000e0000000, 0x00000000e5500000, 0x0000000100000000)
  eden space 65536K, 87% used [0x00000000e0000000,0x00000000e3801cd8,0x00000000e4000000)
  from space 10752K, 75% used [0x00000000e4000000,0x00000000e47f17f0,0x00000000e4a80000)
  to   space 10752K, 0% used [0x00000000e4a80000,0x00000000e4a80000,0x00000000e5500000)
 ParOldGen       total 175104K, used 16K [0x00000000a0000000, 0x00000000aab00000, 0x00000000e0000000)
  object space 175104K, 0% used [0x00000000a0000000,0x00000000a0004000,0x00000000aab00000)
 Metaspace       used 20789K, capacity 21100K, committed 21296K, reserved 1067008K
  class space    used 2771K, capacity 2869K, committed 2944K, reserved 1048576K
Event: 1.874 GC heap after
Heap after GC invocations=2 (full 0):
 PSYoungGen      total 76288K, used 10729K [0x00000000e0000000, 0x00000000e5500000, 0x0000000100000000)
  eden space 65536K, 0% used [0x00000000e0000000,0x00000000e0000000,0x00000000e4000000)
  from space 10752K, 99% used [0x00000000e4a80000,0x00000000e54fa7d0,0x00000000e5500000)
  to   space 10752K, 0% used [0x00000000e4000000,0x00000000e4000000,0x00000000e4a80000)
 ParOldGen       total 175104K, used 2181K [0x00000000a0000000, 0x00000000aab00000, 0x00000000e0000000)
  object space 175104K, 1% used [0x00000000a0000000,0x00000000a02215a8,0x00000000aab00000)
 Metaspace       used 20789K, capacity 21100K, committed 21296K, reserved 1067008K
  class space    used 2771K, capacity 2869K, committed 2944K, reserved 1048576K
}
Event: 1.874 GC heap before
{Heap before GC invocations=3 (full 1):
 PSYoungGen      total 76288K, used 10729K [0x00000000e0000000, 0x00000000e5500000, 0x0000000100000000)
  eden space 65536K, 0% used [0x00000000e0000000,0x00000000e0000000,0x00000000e4000000)
  from space 10752K, 99% used [0x00000000e4a80000,0x00000000e54fa7d0,0x00000000e5500000)
  to   space 10752K, 0% used [0x00000000e4000000,0x00000000e4000000,0x00000000e4a80000)
 ParOldGen       total 175104K, used 2181K [0x00000000a0000000, 0x00000000aab00000, 0x00000000e0000000)
  object space 175104K, 1% used [0x00000000a0000000,0x00000000a02215a8,0x00000000aab00000)
 Metaspace       used 20789K, capacity 21100K, committed 21296K, reserved 1067008K
  class space    used 2771K, capacity 2869K, committed 2944K, reserved 1048576K
Event: 1.908 GC heap after
Heap after GC invocations=3 (full 1):
 PSYoungGen      total 76288K, used 0K [0x00000000e0000000, 0x00000000e5500000, 0x0000000100000000)
  eden space 65536K, 0% used [0x00000000e0000000,0x00000000e0000000,0x00000000e4000000)
  from space 10752K, 0% used [0x00000000e4a80000,0x00000000e4a80000,0x00000000e5500000)
  to   space 10752K, 0% used [0x00000000e4000000,0x00000000e4000000,0x00000000e4a80000)
 ParOldGen       total 124928K, used 12408K [0x00000000a0000000, 0x00000000a7a00000, 0x00000000e0000000)
  object space 124928K, 9% used [0x00000000a0000000,0x00000000a0c1e360,0x00000000a7a00000)
 Metaspace       used 20789K, capacity 21100K, committed 21296K, reserved 1067008K
  class space    used 2771K, capacity 2869K, committed 2944K, reserved 1048576K
}
Event: 2.700 GC heap before
{Heap before GC invocations=4 (full 1):
 PSYoungGen      total 76288K, used 65536K [0x00000000e0000000, 0x00000000e5500000, 0x0000000100000000)
  eden space 65536K, 100% used [0x00000000e0000000,0x00000000e4000000,0x00000000e4000000)
  from space 10752K, 0% used [0x00000000e4a80000,0x00000000e4a80000,0x00000000e5500000)
  to   space 10752K, 0% used [0x00000000e4000000,0x00000000e4000000,0x00000000e4a80000)
 ParOldGen       total 124928K, used 12408K [0x00000000a0000000, 0x00000000a7a00000, 0x00000000e0000000)
  object space 124928K, 9% used [0x00000000a0000000,0x00000000a0c1e360,0x00000000a7a00000)
 Metaspace       used 25899K, capacity 26336K, committed 26624K, reserved 1073152K
  class space    used 3586K, capacity 3729K, committed 3840K, reserved 1048576K
Event: 2.707 GC heap after
Heap after GC invocations=4 (full 1):
 PSYoungGen      total 76288K, used 7934K [0x00000000e0000000, 0x00000000e6a00000, 0x0000000100000000)
  eden space 65536K, 0% used [0x00000000e0000000,0x00000000e0000000,0x00000000e4000000)
  from space 10752K, 73% used [0x00000000e4000000,0x00000000e47bf838,0x00000000e4a80000)
  to   space 10752K, 0% used [0x00000000e5f80000,0x00000000e5f80000,0x00000000e6a00000)
 ParOldGen       total 124928K, used 12416K [0x00000000a0000000, 0x00000000a7a00000, 0x00000000e0000000)
  object space 124928K, 9% used [0x00000000a0000000,0x00000000a0c20360,0x00000000a7a00000)
 Metaspace       used 25899K, capacity 26336K, committed 26624K, reserved 1073152K
  class space    used 3586K, capacity 3729K, committed 3840K, reserved 1048576K
}

