# JRE version: OpenJDK Runtime Environment (8.0_112-b06) (build 1.8.0_112-release-b06)
# Java VM: OpenJDK 64-Bit Server VM (25.112-b06 mixed mode windows-amd64 compressed oops)
Heap:
 PSYoungGen      total 126976K, used 35713K [0x00000000e0000000, 0x00000000e8f80000, 0x0000000100000000)
  eden space 117248K, 22% used [0x00000000e0000000,0x00000000e19dcba8,0x00000000e7280000)
  from space 9728K, 94% used [0x00000000e8600000,0x00000000e8f03b30,0x00000000e8f80000)
  to   space 13824K, 0% used [0x00000000e7480000,0x00000000e7480000,0x00000000e8200000)
 ParOldGen       total 196608K, used 17690K [0x00000000a0000000, 0x00000000ac000000, 0x00000000e0000000)
  object space 196608K, 8% used [0x00000000a0000000,0x00000000a11468a0,0x00000000ac000000)
 Metaspace       used 42139K, capacity 42942K, committed 43264K, reserved 1087488K
  class space    used 5634K, capacity 5856K, committed 5888K, reserved 1048576K
GC Heap History (10 events):
Event: 4.229 GC heap before
{Heap before GC invocations=4 (full 1):
 PSYoungGen      total 76288K, used 65536K [0x00000000e0000000, 0x00000000e5500000, 0x0000000100000000)
  eden space 65536K, 100% used [0x00000000e0000000,0x00000000e4000000,0x00000000e4000000)
  from space 10752K, 0% used [0x00000000e4a80000,0x00000000e4a80000,0x00000000e5500000)
  to   space 10752K, 0% used [0x00000000e4000000,0x00000000e4000000,0x00000000e4a80000)
 ParOldGen       total 123392K, used 12463K [0x00000000a0000000, 0x00000000a7880000, 0x00000000e0000000)
  object space 123392K, 10% used [0x00000000a0000000,0x00000000a0c2bd10,0x00000000a7880000)
 Metaspace       used 25898K, capacity 26336K, committed 26624K, reserved 1073152K
  class space    used 3584K, capacity 3729K, committed 3840K, reserved 1048576K
Event: 4.235 GC heap after
Heap after GC invocations=4 (full 1):
 PSYoungGen      total 76288K, used 7836K [0x00000000e0000000, 0x00000000e6a80000, 0x0000000100000000)
  eden space 65536K, 0% used [0x00000000e0000000,0x00000000e0000000,0x00000000e4000000)
  from space 10752K, 72% used [0x00000000e4000000,0x00000000e47a71c0,0x00000000e4a80000)
  to   space 10752K, 0% used [0x00000000e6000000,0x00000000e6000000,0x00000000e6a80000)
 ParOldGen       total 123392K, used 12463K [0x00000000a0000000, 0x00000000a7880000, 0x00000000e0000000)
  object space 123392K, 10% used [0x00000000a0000000,0x00000000a0c2bd10,0x00000000a7880000)
 Metaspace       used 25898K, capacity 26336K, committed 26624K, reserved 1073152K
  class space    used 3584K, capacity 3729K, committed 3840K, reserved 1048576K
}
Event: 5.740 GC heap before
{Heap before GC invocations=5 (full 1):
 PSYoungGen      total 76288K, used 73372K [0x00000000e0000000, 0x00000000e6a80000, 0x0000000100000000)
  eden space 65536K, 100% used [0x00000000e0000000,0x00000000e4000000,0x00000000e4000000)
  from space 10752K, 72% used [0x00000000e4000000,0x00000000e47a71c0,0x00000000e4a80000)
  to   space 10752K, 0% used [0x00000000e6000000,0x00000000e6000000,0x00000000e6a80000)
 ParOldGen       total 123392K, used 12463K [0x00000000a0000000, 0x00000000a7880000, 0x00000000e0000000)
  object space 123392K, 10% used [0x00000000a0000000,0x00000000a0c2bd10,0x00000000a7880000)
 Metaspace       used 29296K, capacity 29788K, committed 29952K, reserved 1075200K
  class space    used 3981K, capacity 4089K, committed 4096K, reserved 1048576K
Event: 5.746 GC heap after
Heap after GC invocations=5 (full 1):
 PSYoungGen      total 95232K, used 6993K [0x00000000e0000000, 0x00000000e6900000, 0x0000000100000000)
  eden space 86016K, 0% used [0x00000000e0000000,0x00000000e0000000,0x00000000e5400000)
  from space 9216K, 75% used [0x00000000e6000000,0x00000000e66d4470,0x00000000e6900000)
  to   space 10752K, 0% used [0x00000000e5400000,0x00000000e5400000,0x00000000e5e80000)
 ParOldGen       total 123392K, used 12535K [0x00000000a0000000, 0x00000000a7880000, 0x00000000e0000000)
  object space 123392K, 10% used [0x00000000a0000000,0x00000000a0c3dd20,0x00000000a7880000)
 Metaspace       used 29296K, capacity 29788K, committed 29952K, reserved 1075200K
  class space    used 3981K, capacity 4089K, committed 4096K, reserved 1048576K
}
Event: 6.437 GC heap before
{Heap before GC invocations=6 (full 1):
 PSYoungGen      total 95232K, used 72942K [0x00000000e0000000, 0x00000000e6900000, 0x0000000100000000)
  eden space 86016K, 76% used [0x00000000e0000000,0x00000000e4067450,0x00000000e5400000)
  from space 9216K, 75% used [0x00000000e6000000,0x00000000e66d4470,0x00000000e6900000)
  to   space 10752K, 0% used [0x00000000e5400000,0x00000000e5400000,0x00000000e5e80000)
 ParOldGen       total 123392K, used 12535K [0x00000000a0000000, 0x00000000a7880000, 0x00000000e0000000)
  object space 123392K, 10% used [0x00000000a0000000,0x00000000a0c3dd20,0x00000000a7880000)
 Metaspace       used 34758K, capacity 35280K, committed 35496K, reserved 1079296K
  class space    used 4648K, capacity 4816K, committed 4864K, reserved 1048576K
Event: 6.451 GC heap after
Heap after GC invocations=6 (full 1):
 PSYoungGen      total 96768K, used 10730K [0x00000000e0000000, 0x00000000e9480000, 0x0000000100000000)
  eden space 86016K, 0% used [0x00000000e0000000,0x00000000e0000000,0x00000000e5400000)
  from space 10752K, 99% used [0x00000000e5400000,0x00000000e5e7a8e0,0x00000000e5e80000)
  to   space 14848K, 0% used [0x00000000e8600000,0x00000000e8600000,0x00000000e9480000)
 ParOldGen       total 123392K, used 13301K [0x00000000a0000000, 0x00000000a7880000, 0x00000000e0000000)
  object space 123392K, 10% used [0x00000000a0000000,0x00000000a0cfd588,0x00000000a7880000)
 Metaspace       used 34758K, capacity 35280K, committed 35496K, reserved 1079296K
  class space    used 4648K, capacity 4816K, committed 4864K, reserved 1048576K
}
Event: 6.451 GC heap before
{Heap before GC invocations=7 (full 2):
 PSYoungGen      total 96768K, used 10730K [0x00000000e0000000, 0x00000000e9480000, 0x0000000100000000)
  eden space 86016K, 0% used [0x00000000e0000000,0x00000000e0000000,0x00000000e5400000)
  from space 10752K, 99% used [0x00000000e5400000,0x00000000e5e7a8e0,0x00000000e5e80000)
  to   space 14848K, 0% used [0x00000000e8600000,0x00000000e8600000,0x00000000e9480000)
 ParOldGen       total 123392K, used 13301K [0x00000000a0000000, 0x00000000a7880000, 0x00000000e0000000)
  object space 123392K, 10% used [0x00000000a0000000,0x00000000a0cfd588,0x00000000a7880000)
 Metaspace       used 34758K, capacity 35280K, committed 35496K, reserved 1079296K
  class space    used 4648K, capacity 4816K, committed 4864K, reserved 1048576K
Event: 6.520 GC heap after
Heap after GC invocations=7 (full 2):
 PSYoungGen      total 96768K, used 0K [0x00000000e0000000, 0x00000000e9480000, 0x0000000100000000)
  eden space 86016K, 0% used [0x00000000e0000000,0x00000000e0000000,0x00000000e5400000)
  from space 10752K, 0% used [0x00000000e5400000,0x00000000e5400000,0x00000000e5e80000)
  to   space 14848K, 0% used [0x00000000e8600000,0x00000000e8600000,0x00000000e9480000)
 ParOldGen       total 196608K, used 17682K [0x00000000a0000000, 0x00000000ac000000, 0x00000000e0000000)
  object space 196608K, 8% used [0x00000000a0000000,0x00000000a11448a0,0x00000000ac000000)
 Metaspace       used 34758K, capacity 35280K, committed 35496K, reserved 1079296K
  class space    used 4648K, capacity 4816K, committed 4864K, reserved 1048576K
}
Event: 7.635 GC heap before
{Heap before GC invocations=8 (full 2):
 PSYoungGen      total 96768K, used 86016K [0x00000000e0000000, 0x00000000e9480000, 0x0000000100000000)
  eden space 86016K, 100% used [0x00000000e0000000,0x00000000e5400000,0x00000000e5400000)
  from space 10752K, 0% used [0x00000000e5400000,0x00000000e5400000,0x00000000e5e80000)
  to   space 14848K, 0% used [0x00000000e8600000,0x00000000e8600000,0x00000000e9480000)
 ParOldGen       total 196608K, used 17682K [0x00000000a0000000, 0x00000000ac000000, 0x00000000e0000000)
  object space 196608K, 8% used [0x00000000a0000000,0x00000000a11448a0,0x00000000ac000000)
 Metaspace       used 41816K, capacity 42614K, committed 43008K, reserved 1087488K
  class space    used 5605K, capacity 5812K, committed 5888K, reserved 1048576K
Event: 7.646 GC heap after
Heap after GC invocations=8 (full 2):
 PSYoungGen      total 126976K, used 9230K [0x00000000e0000000, 0x00000000e8f80000, 0x0000000100000000)
  eden space 117248K, 0% used [0x00000000e0000000,0x00000000e0000000,0x00000000e7280000)
  from space 9728K, 94% used [0x00000000e8600000,0x00000000e8f03b30,0x00000000e8f80000)
  to   space 13824K, 0% used [0x00000000e7480000,0x00000000e7480000,0x00000000e8200000)
 ParOldGen       total 196608K, used 17690K [0x00000000a0000000, 0x00000000ac000000, 0x00000000e0000000)
  object space 196608K, 8% used [0x00000000a0000000,0x00000000a11468a0,0x00000000ac000000)
 Metaspace       used 41816K, capacity 42614K, committed 43008K, reserved 1087488K
  class space    used 5605K, capacity 5812K, committed 5888K, reserved 1048576K
}

