# JRE version: OpenJDK Runtime Environment (8.0_112-b06) (build 1.8.0_112-release-b06)
# Java VM: OpenJDK 64-Bit Server VM (25.112-b06 mixed mode windows-amd64 compressed oops)
Heap:
 PSYoungGen      total 206848K, used 80229K [0x00000000e0000000, 0x00000000efc80000, 0x0000000100000000)
  eden space 178176K, 35% used [0x00000000e0000000,0x00000000e3df5728,0x00000000eae00000)
  from space 28672K, 58% used [0x00000000eae00000,0x00000000ebe64030,0x00000000eca00000)
  to   space 27648K, 0% used [0x00000000ee180000,0x00000000ee180000,0x00000000efc80000)
 ParOldGen       total 309760K, used 36409K [0x00000000a0000000, 0x00000000b2e80000, 0x00000000e0000000)
  object space 309760K, 11% used [0x00000000a0000000,0x00000000a238e7b0,0x00000000b2e80000)
 Metaspace       used 60339K, capacity 63470K, committed 63744K, reserved 1103872K
  class space    used 7997K, capacity 8594K, committed 8704K, reserved 1048576K
GC Heap History (10 events):
Event: 88.078 GC heap before
{Heap before GC invocations=12 (full 2):
 PSYoungGen      total 160256K, used 160252K [0x00000000e0000000, 0x00000000ec980000, 0x0000000100000000)
  eden space 139776K, 100% used [0x00000000e0000000,0x00000000e8880000,0x00000000e8880000)
  from space 20480K, 99% used [0x00000000e8880000,0x00000000e9c7f118,0x00000000e9c80000)
  to   space 23552K, 0% used [0x00000000eb280000,0x00000000eb280000,0x00000000ec980000)
 ParOldGen       total 205312K, used 26140K [0x00000000a0000000, 0x00000000ac880000, 0x00000000e0000000)
  object space 205312K, 12% used [0x00000000a0000000,0x00000000a1987010,0x00000000ac880000)
 Metaspace       used 55655K, capacity 57650K, committed 57728K, reserved 1099776K
  class space    used 7313K, capacity 7736K, committed 7808K, reserved 1048576K
Event: 88.156 GC heap after
Heap after GC invocations=12 (full 2):
 PSYoungGen      total 179200K, used 23532K [0x00000000e0000000, 0x00000000ecd80000, 0x0000000100000000)
  eden space 155648K, 0% used [0x00000000e0000000,0x00000000e0000000,0x00000000e9800000)
  from space 23552K, 99% used [0x00000000eb280000,0x00000000ec97b2a0,0x00000000ec980000)
  to   space 27136K, 0% used [0x00000000e9800000,0x00000000e9800000,0x00000000eb280000)
 ParOldGen       total 205312K, used 27778K [0x00000000a0000000, 0x00000000ac880000, 0x00000000e0000000)
  object space 205312K, 13% used [0x00000000a0000000,0x00000000a1b20968,0x00000000ac880000)
 Metaspace       used 55655K, capacity 57650K, committed 57728K, reserved 1099776K
  class space    used 7313K, capacity 7736K, committed 7808K, reserved 1048576K
}
Event: 92.418 GC heap before
{Heap before GC invocations=13 (full 2):
 PSYoungGen      total 179200K, used 151563K [0x00000000e0000000, 0x00000000ecd80000, 0x0000000100000000)
  eden space 155648K, 82% used [0x00000000e0000000,0x00000000e7d07ac8,0x00000000e9800000)
  from space 23552K, 99% used [0x00000000eb280000,0x00000000ec97b2a0,0x00000000ec980000)
  to   space 27136K, 0% used [0x00000000e9800000,0x00000000e9800000,0x00000000eb280000)
 ParOldGen       total 205312K, used 27778K [0x00000000a0000000, 0x00000000ac880000, 0x00000000e0000000)
  object space 205312K, 13% used [0x00000000a0000000,0x00000000a1b20968,0x00000000ac880000)
 Metaspace       used 56987K, capacity 59056K, committed 59160K, reserved 1099776K
  class space    used 7485K, capacity 7976K, committed 8064K, reserved 1048576K
Event: 92.455 GC heap after
Heap after GC invocations=13 (full 2):
 PSYoungGen      total 182784K, used 24772K [0x00000000e0000000, 0x00000000ee700000, 0x0000000100000000)
  eden space 155648K, 0% used [0x00000000e0000000,0x00000000e0000000,0x00000000e9800000)
  from space 27136K, 91% used [0x00000000e9800000,0x00000000eb031198,0x00000000eb280000)
  to   space 29696K, 0% used [0x00000000eca00000,0x00000000eca00000,0x00000000ee700000)
 ParOldGen       total 205312K, used 32761K [0x00000000a0000000, 0x00000000ac880000, 0x00000000e0000000)
  object space 205312K, 15% used [0x00000000a0000000,0x00000000a1ffe618,0x00000000ac880000)
 Metaspace       used 56987K, capacity 59056K, committed 59160K, reserved 1099776K
  class space    used 7485K, capacity 7976K, committed 8064K, reserved 1048576K
}
Event: 92.455 GC heap before
{Heap before GC invocations=14 (full 3):
 PSYoungGen      total 182784K, used 24772K [0x00000000e0000000, 0x00000000ee700000, 0x0000000100000000)
  eden space 155648K, 0% used [0x00000000e0000000,0x00000000e0000000,0x00000000e9800000)
  from space 27136K, 91% used [0x00000000e9800000,0x00000000eb031198,0x00000000eb280000)
  to   space 29696K, 0% used [0x00000000eca00000,0x00000000eca00000,0x00000000ee700000)
 ParOldGen       total 205312K, used 32761K [0x00000000a0000000, 0x00000000ac880000, 0x00000000e0000000)
  object space 205312K, 15% used [0x00000000a0000000,0x00000000a1ffe618,0x00000000ac880000)
 Metaspace       used 56987K, capacity 59056K, committed 59160K, reserved 1099776K
  class space    used 7485K, capacity 7976K, committed 8064K, reserved 1048576K
Event: 93.352 GC heap after
Heap after GC invocations=14 (full 3):
 PSYoungGen      total 182784K, used 0K [0x00000000e0000000, 0x00000000ee700000, 0x0000000100000000)
  eden space 155648K, 0% used [0x00000000e0000000,0x00000000e0000000,0x00000000e9800000)
  from space 27136K, 0% used [0x00000000e9800000,0x00000000e9800000,0x00000000eb280000)
  to   space 29696K, 0% used [0x00000000eca00000,0x00000000eca00000,0x00000000ee700000)
 ParOldGen       total 309760K, used 36393K [0x00000000a0000000, 0x00000000b2e80000, 0x00000000e0000000)
  object space 309760K, 11% used [0x00000000a0000000,0x00000000a238a7b0,0x00000000b2e80000)
 Metaspace       used 56985K, capacity 59050K, committed 59160K, reserved 1099776K
  class space    used 7485K, capacity 7975K, committed 8064K, reserved 1048576K
}
Event: 98.585 GC heap before
{Heap before GC invocations=15 (full 3):
 PSYoungGen      total 182784K, used 155648K [0x00000000e0000000, 0x00000000ee700000, 0x0000000100000000)
  eden space 155648K, 100% used [0x00000000e0000000,0x00000000e9800000,0x00000000e9800000)
  from space 27136K, 0% used [0x00000000e9800000,0x00000000e9800000,0x00000000eb280000)
  to   space 29696K, 0% used [0x00000000eca00000,0x00000000eca00000,0x00000000ee700000)
 ParOldGen       total 309760K, used 36393K [0x00000000a0000000, 0x00000000b2e80000, 0x00000000e0000000)
  object space 309760K, 11% used [0x00000000a0000000,0x00000000a238a7b0,0x00000000b2e80000)
 Metaspace       used 59372K, capacity 62148K, committed 62336K, reserved 1103872K
  class space    used 7923K, capacity 8492K, committed 8576K, reserved 1048576K
Event: 98.638 GC heap after
Heap after GC invocations=15 (full 3):
 PSYoungGen      total 207872K, used 15625K [0x00000000e0000000, 0x00000000eea00000, 0x0000000100000000)
  eden space 178176K, 0% used [0x00000000e0000000,0x00000000e0000000,0x00000000eae00000)
  from space 29696K, 52% used [0x00000000eca00000,0x00000000ed942448,0x00000000ee700000)
  to   space 28672K, 0% used [0x00000000eae00000,0x00000000eae00000,0x00000000eca00000)
 ParOldGen       total 309760K, used 36401K [0x00000000a0000000, 0x00000000b2e80000, 0x00000000e0000000)
  object space 309760K, 11% used [0x00000000a0000000,0x00000000a238c7b0,0x00000000b2e80000)
 Metaspace       used 59372K, capacity 62148K, committed 62336K, reserved 1103872K
  class space    used 7923K, capacity 8492K, committed 8576K, reserved 1048576K
}
Event: 143.112 GC heap before
{Heap before GC invocations=16 (full 3):
 PSYoungGen      total 207872K, used 193801K [0x00000000e0000000, 0x00000000eea00000, 0x0000000100000000)
  eden space 178176K, 100% used [0x00000000e0000000,0x00000000eae00000,0x00000000eae00000)
  from space 29696K, 52% used [0x00000000eca00000,0x00000000ed942448,0x00000000ee700000)
  to   space 28672K, 0% used [0x00000000eae00000,0x00000000eae00000,0x00000000eca00000)
 ParOldGen       total 309760K, used 36401K [0x00000000a0000000, 0x00000000b2e80000, 0x00000000e0000000)
  object space 309760K, 11% used [0x00000000a0000000,0x00000000a238c7b0,0x00000000b2e80000)
 Metaspace       used 60160K, capacity 63272K, committed 63360K, reserved 1103872K
  class space    used 7984K, capacity 8573K, committed 8576K, reserved 1048576K
Event: 143.133 GC heap after
Heap after GC invocations=16 (full 3):
 PSYoungGen      total 206848K, used 16784K [0x00000000e0000000, 0x00000000efc80000, 0x0000000100000000)
  eden space 178176K, 0% used [0x00000000e0000000,0x00000000e0000000,0x00000000eae00000)
  from space 28672K, 58% used [0x00000000eae00000,0x00000000ebe64030,0x00000000eca00000)
  to   space 27648K, 0% used [0x00000000ee180000,0x00000000ee180000,0x00000000efc80000)
 ParOldGen       total 309760K, used 36409K [0x00000000a0000000, 0x00000000b2e80000, 0x00000000e0000000)
  object space 309760K, 11% used [0x00000000a0000000,0x00000000a238e7b0,0x00000000b2e80000)
 Metaspace       used 60160K, capacity 63272K, committed 63360K, reserved 1103872K
  class space    used 7984K, capacity 8573K, committed 8576K, reserved 1048576K
}

