# JRE version: OpenJDK Runtime Environment (8.0_112-b06) (build 1.8.0_112-release-b06)
# Java VM: OpenJDK 64-Bit Server VM (25.112-b06 mixed mode windows-amd64 compressed oops)
Heap:
 PSYoungGen      total 360960K, used 179124K [0x00000000e0000000, 0x00000000ff580000, 0x0000000100000000)
  eden space 324096K, 43% used [0x00000000e0000000,0x00000000e8aed7f8,0x00000000f3c80000)
  from space 36864K, 99% used [0x00000000f3c80000,0x00000000f607f8e0,0x00000000f6080000)
  to   space 48640K, 0% used [0x00000000fc600000,0x00000000fc600000,0x00000000ff580000)
 ParOldGen       total 282624K, used 91108K [0x00000000a0000000, 0x00000000b1400000, 0x00000000e0000000)
  object space 282624K, 32% used [0x00000000a0000000,0x00000000a58f90f8,0x00000000b1400000)
 Metaspace       used 71036K, capacity 75702K, committed 75904K, reserved 1116160K
  class space    used 9201K, capacity 10027K, committed 10112K, reserved 1048576K
GC Heap History (10 events):
Event: 641.924 GC heap before
{Heap before GC invocations=20 (full 3):
 PSYoungGen      total 313856K, used 313696K [0x00000000e0000000, 0x00000000f9a00000, 0x0000000100000000)
  eden space 297472K, 100% used [0x00000000e0000000,0x00000000f2280000,0x00000000f2280000)
  from space 16384K, 99% used [0x00000000f8a00000,0x00000000f99d8060,0x00000000f9a00000)
  to   space 28672K, 0% used [0x00000000f6200000,0x00000000f6200000,0x00000000f7e00000)
 ParOldGen       total 282624K, used 43628K [0x00000000a0000000, 0x00000000b1400000, 0x00000000e0000000)
  object space 282624K, 15% used [0x00000000a0000000,0x00000000a2a9b238,0x00000000b1400000)
 Metaspace       used 65294K, capacity 69832K, committed 70016K, reserved 1110016K
  class space    used 8710K, capacity 9532K, committed 9600K, reserved 1048576K
Event: 641.937 GC heap after
Heap after GC invocations=20 (full 3):
 PSYoungGen      total 306688K, used 17371K [0x00000000e0000000, 0x00000000f8a80000, 0x0000000100000000)
  eden space 289280K, 0% used [0x00000000e0000000,0x00000000e0000000,0x00000000f1a80000)
  from space 17408K, 99% used [0x00000000f6200000,0x00000000f72f6fe0,0x00000000f7300000)
  to   space 24064K, 0% used [0x00000000f7300000,0x00000000f7300000,0x00000000f8a80000)
 ParOldGen       total 282624K, used 43636K [0x00000000a0000000, 0x00000000b1400000, 0x00000000e0000000)
  object space 282624K, 15% used [0x00000000a0000000,0x00000000a2a9d238,0x00000000b1400000)
 Metaspace       used 65294K, capacity 69832K, committed 70016K, reserved 1110016K
  class space    used 8710K, capacity 9532K, committed 9600K, reserved 1048576K
}
Event: 644.949 GC heap before
{Heap before GC invocations=21 (full 3):
 PSYoungGen      total 306688K, used 306107K [0x00000000e0000000, 0x00000000f8a80000, 0x0000000100000000)
  eden space 289280K, 99% used [0x00000000e0000000,0x00000000f19f7dd0,0x00000000f1a80000)
  from space 17408K, 99% used [0x00000000f6200000,0x00000000f72f6fe0,0x00000000f7300000)
  to   space 24064K, 0% used [0x00000000f7300000,0x00000000f7300000,0x00000000f8a80000)
 ParOldGen       total 282624K, used 43636K [0x00000000a0000000, 0x00000000b1400000, 0x00000000e0000000)
  object space 282624K, 15% used [0x00000000a0000000,0x00000000a2a9d238,0x00000000b1400000)
 Metaspace       used 65368K, capacity 69940K, committed 70016K, reserved 1110016K
  class space    used 8713K, capacity 9538K, committed 9600K, reserved 1048576K
Event: 644.961 GC heap after
Heap after GC invocations=21 (full 3):
 PSYoungGen      total 297984K, used 15989K [0x00000000e0000000, 0x00000000f8300000, 0x0000000100000000)
  eden space 281600K, 0% used [0x00000000e0000000,0x00000000e0000000,0x00000000f1300000)
  from space 16384K, 97% used [0x00000000f7300000,0x00000000f829d500,0x00000000f8300000)
  to   space 26624K, 0% used [0x00000000f4f00000,0x00000000f4f00000,0x00000000f6900000)
 ParOldGen       total 282624K, used 43644K [0x00000000a0000000, 0x00000000b1400000, 0x00000000e0000000)
  object space 282624K, 15% used [0x00000000a0000000,0x00000000a2a9f238,0x00000000b1400000)
 Metaspace       used 65368K, capacity 69940K, committed 70016K, reserved 1110016K
  class space    used 8713K, capacity 9538K, committed 9600K, reserved 1048576K
}
Event: 648.409 GC heap before
{Heap before GC invocations=22 (full 3):
 PSYoungGen      total 297984K, used 297589K [0x00000000e0000000, 0x00000000f8300000, 0x0000000100000000)
  eden space 281600K, 100% used [0x00000000e0000000,0x00000000f1300000,0x00000000f1300000)
  from space 16384K, 97% used [0x00000000f7300000,0x00000000f829d500,0x00000000f8300000)
  to   space 26624K, 0% used [0x00000000f4f00000,0x00000000f4f00000,0x00000000f6900000)
 ParOldGen       total 282624K, used 43644K [0x00000000a0000000, 0x00000000b1400000, 0x00000000e0000000)
  object space 282624K, 15% used [0x00000000a0000000,0x00000000a2a9f238,0x00000000b1400000)
 Metaspace       used 68630K, capacity 73236K, committed 73472K, reserved 1112064K
  class space    used 9052K, capacity 9866K, committed 9984K, reserved 1048576K
Event: 648.421 GC heap after
Heap after GC invocations=22 (full 3):
 PSYoungGen      total 291840K, used 17495K [0x00000000e0000000, 0x00000000f7380000, 0x0000000100000000)
  eden space 273920K, 0% used [0x00000000e0000000,0x00000000e0000000,0x00000000f0b80000)
  from space 17920K, 97% used [0x00000000f4f00000,0x00000000f6015d08,0x00000000f6080000)
  to   space 19456K, 0% used [0x00000000f6080000,0x00000000f6080000,0x00000000f7380000)
 ParOldGen       total 282624K, used 43652K [0x00000000a0000000, 0x00000000b1400000, 0x00000000e0000000)
  object space 282624K, 15% used [0x00000000a0000000,0x00000000a2aa1238,0x00000000b1400000)
 Metaspace       used 68630K, capacity 73236K, committed 73472K, reserved 1112064K
  class space    used 9052K, capacity 9866K, committed 9984K, reserved 1048576K
}
Event: 649.342 GC heap before
{Heap before GC invocations=23 (full 3):
 PSYoungGen      total 291840K, used 291415K [0x00000000e0000000, 0x00000000f7380000, 0x0000000100000000)
  eden space 273920K, 100% used [0x00000000e0000000,0x00000000f0b80000,0x00000000f0b80000)
  from space 17920K, 97% used [0x00000000f4f00000,0x00000000f6015d08,0x00000000f6080000)
  to   space 19456K, 0% used [0x00000000f6080000,0x00000000f6080000,0x00000000f7380000)
 ParOldGen       total 282624K, used 43652K [0x00000000a0000000, 0x00000000b1400000, 0x00000000e0000000)
  object space 282624K, 15% used [0x00000000a0000000,0x00000000a2aa1238,0x00000000b1400000)
 Metaspace       used 70632K, capacity 75318K, committed 75648K, reserved 1114112K
  class space    used 9199K, capacity 10027K, committed 10112K, reserved 1048576K
Event: 649.384 GC heap after
Heap after GC invocations=23 (full 3):
 PSYoungGen      total 343552K, used 19448K [0x00000000e0000000, 0x00000000f8e00000, 0x0000000100000000)
  eden space 324096K, 0% used [0x00000000e0000000,0x00000000e0000000,0x00000000f3c80000)
  from space 19456K, 99% used [0x00000000f6080000,0x00000000f737e3e8,0x00000000f7380000)
  to   space 36864K, 0% used [0x00000000f3c80000,0x00000000f3c80000,0x00000000f6080000)
 ParOldGen       total 282624K, used 71761K [0x00000000a0000000, 0x00000000b1400000, 0x00000000e0000000)
  object space 282624K, 25% used [0x00000000a0000000,0x00000000a4614420,0x00000000b1400000)
 Metaspace       used 70632K, capacity 75318K, committed 75648K, reserved 1114112K
  class space    used 9199K, capacity 10027K, committed 10112K, reserved 1048576K
}
Event: 649.962 GC heap before
{Heap before GC invocations=24 (full 3):
 PSYoungGen      total 343552K, used 343544K [0x00000000e0000000, 0x00000000f8e00000, 0x0000000100000000)
  eden space 324096K, 100% used [0x00000000e0000000,0x00000000f3c80000,0x00000000f3c80000)
  from space 19456K, 99% used [0x00000000f6080000,0x00000000f737e3e8,0x00000000f7380000)
  to   space 36864K, 0% used [0x00000000f3c80000,0x00000000f3c80000,0x00000000f6080000)
 ParOldGen       total 282624K, used 71761K [0x00000000a0000000, 0x00000000b1400000, 0x00000000e0000000)
  object space 282624K, 25% used [0x00000000a0000000,0x00000000a4614420,0x00000000b1400000)
 Metaspace       used 70927K, capacity 75574K, committed 75904K, reserved 1116160K
  class space    used 9201K, capacity 10027K, committed 10112K, reserved 1048576K
Event: 650.006 GC heap after
Heap after GC invocations=24 (full 3):
 PSYoungGen      total 360960K, used 36862K [0x00000000e0000000, 0x00000000ff580000, 0x0000000100000000)
  eden space 324096K, 0% used [0x00000000e0000000,0x00000000e0000000,0x00000000f3c80000)
  from space 36864K, 99% used [0x00000000f3c80000,0x00000000f607f8e0,0x00000000f6080000)
  to   space 48640K, 0% used [0x00000000fc600000,0x00000000fc600000,0x00000000ff580000)
 ParOldGen       total 282624K, used 91108K [0x00000000a0000000, 0x00000000b1400000, 0x00000000e0000000)
  object space 282624K, 32% used [0x00000000a0000000,0x00000000a58f90f8,0x00000000b1400000)
 Metaspace       used 70927K, capacity 75574K, committed 75904K, reserved 1116160K
  class space    used 9201K, capacity 10027K, committed 10112K, reserved 1048576K
}

